2020-11-05 07:59:20.0263|INFO|CityInfo.API.Program|Initializing application...
2020-11-05 07:59:34.5869|INFO|Microsoft.AspNetCore.DataProtection.KeyManagement.XmlKeyManager|User profile is available. Using 'C:\Users\i.albuquerque.soares\AppData\Local\ASP.NET\DataProtection-Keys' as key repository and Windows DPAPI to encrypt keys at rest.
2020-11-05 07:59:49.9833|FATAL|Microsoft.AspNetCore.Hosting.Internal.WebHost|Application startup exception
2020-11-05 07:59:50.3551|INFO|Microsoft.AspNetCore.Hosting.Internal.WebHost|Request starting HTTP/1.1 DEBUG http://localhost:1028/  0
2020-11-05 07:59:50.3551|INFO|Microsoft.AspNetCore.Hosting.Internal.WebHost|Request starting HTTP/1.1 GET http://localhost:1028/  
2020-11-05 07:59:50.4531|ERROR|Microsoft.AspNetCore.Server.Kestrel|Connection id "0HM41F7LC4RS9", Request id "0HM41F7LC4RS9:00000001": An unhandled exception was thrown by the application.
2020-11-05 07:59:50.4531|INFO|Microsoft.AspNetCore.Hosting.Internal.WebHost|Request finished in 99.2366ms 500 
2020-11-05 07:59:50.4531|INFO|Microsoft.AspNetCore.Hosting.Internal.WebHost|Request finished in 105.092ms 500 text/html; charset=utf-8
2020-11-05 08:00:04.4258|INFO|Microsoft.AspNetCore.Hosting.Internal.WebHost|Request starting HTTP/1.1 GET http://localhost:1028/api/cities/1  
2020-11-05 08:00:04.4258|INFO|Microsoft.AspNetCore.Hosting.Internal.WebHost|Request finished in 4.9966ms 500 text/html; charset=utf-8
2020-11-05 08:00:56.8420|INFO|CityInfo.API.Program|Initializing application...
2020-11-05 08:00:58.0113|INFO|Microsoft.AspNetCore.DataProtection.KeyManagement.XmlKeyManager|User profile is available. Using 'C:\Users\i.albuquerque.soares\AppData\Local\ASP.NET\DataProtection-Keys' as key repository and Windows DPAPI to encrypt keys at rest.
2020-11-05 08:00:58.4870|FATAL|Microsoft.AspNetCore.Hosting.Internal.WebHost|Application startup exception
2020-11-05 08:00:58.7557|INFO|Microsoft.AspNetCore.Hosting.Internal.WebHost|Request starting HTTP/1.1 DEBUG http://localhost:1028/  0
2020-11-05 08:00:58.7557|INFO|Microsoft.AspNetCore.Hosting.Internal.WebHost|Request starting HTTP/1.1 GET http://localhost:1028/  
2020-11-05 08:00:58.8360|INFO|Microsoft.AspNetCore.Hosting.Internal.WebHost|Request finished in 55.7377ms 500 text/html; charset=utf-8
2020-11-05 08:00:58.8765|ERROR|Microsoft.AspNetCore.Server.Kestrel|Connection id "0HM41F89OAOIN", Request id "0HM41F89OAOIN:00000001": An unhandled exception was thrown by the application.
2020-11-05 08:00:58.8765|INFO|Microsoft.AspNetCore.Hosting.Internal.WebHost|Request finished in 129.1835ms 500 
2020-11-05 08:11:21.1279|INFO|CityInfo.API.Program|Initializing application...
2020-11-05 08:11:22.4409|INFO|Microsoft.AspNetCore.DataProtection.KeyManagement.XmlKeyManager|User profile is available. Using 'C:\Users\i.albuquerque.soares\AppData\Local\ASP.NET\DataProtection-Keys' as key repository and Windows DPAPI to encrypt keys at rest.
2020-11-05 08:11:22.9392|FATAL|Microsoft.AspNetCore.Hosting.Internal.WebHost|Application startup exception
2020-11-05 08:11:23.4718|INFO|Microsoft.AspNetCore.Hosting.Internal.WebHost|Request starting HTTP/1.1 DEBUG http://localhost:1028/  0
2020-11-05 08:11:23.4718|INFO|Microsoft.AspNetCore.Hosting.Internal.WebHost|Request starting HTTP/1.1 GET http://localhost:1028/  
2020-11-05 08:11:23.5588|ERROR|Microsoft.AspNetCore.Server.Kestrel|Connection id "0HM41FE3TGV2I", Request id "0HM41FE3TGV2I:00000001": An unhandled exception was thrown by the application.
2020-11-05 08:11:23.5623|INFO|Microsoft.AspNetCore.Hosting.Internal.WebHost|Request finished in 92.1031ms 500 text/html; charset=utf-8
2020-11-05 08:11:23.5623|INFO|Microsoft.AspNetCore.Hosting.Internal.WebHost|Request finished in 97.0651ms 500 
2020-11-05 08:18:56.8077|INFO|CityInfo.API.Program|Initializing application...
2020-11-05 08:18:57.9851|INFO|Microsoft.AspNetCore.DataProtection.KeyManagement.XmlKeyManager|User profile is available. Using 'C:\Users\i.albuquerque.soares\AppData\Local\ASP.NET\DataProtection-Keys' as key repository and Windows DPAPI to encrypt keys at rest.
2020-11-05 08:18:58.4914|FATAL|Microsoft.AspNetCore.Hosting.Internal.WebHost|Application startup exception
2020-11-05 08:18:58.8575|INFO|Microsoft.AspNetCore.Hosting.Internal.WebHost|Request starting HTTP/1.1 DEBUG http://localhost:1028/  0
2020-11-05 08:18:58.8575|INFO|Microsoft.AspNetCore.Hosting.Internal.WebHost|Request starting HTTP/1.1 GET http://localhost:1028/  
2020-11-05 08:18:58.9350|INFO|Microsoft.AspNetCore.Hosting.Internal.WebHost|Request finished in 68.581ms 500 text/html; charset=utf-8
2020-11-05 08:18:58.9712|ERROR|Microsoft.AspNetCore.Server.Kestrel|Connection id "0HM41FIBKQUBR", Request id "0HM41FIBKQUBR:00000001": An unhandled exception was thrown by the application.
2020-11-05 08:18:58.9712|INFO|Microsoft.AspNetCore.Hosting.Internal.WebHost|Request finished in 132.3161ms 500 
2020-11-05 08:19:35.8879|INFO|CityInfo.API.Program|Initializing application...
2020-11-05 08:19:37.0458|INFO|Microsoft.AspNetCore.DataProtection.KeyManagement.XmlKeyManager|User profile is available. Using 'C:\Users\i.albuquerque.soares\AppData\Local\ASP.NET\DataProtection-Keys' as key repository and Windows DPAPI to encrypt keys at rest.
2020-11-05 08:19:44.7239|FATAL|Microsoft.AspNetCore.Hosting.Internal.WebHost|Application startup exception
2020-11-05 08:19:45.1398|INFO|Microsoft.AspNetCore.Hosting.Internal.WebHost|Request starting HTTP/1.1 GET http://localhost:1028/  
2020-11-05 08:19:45.1398|INFO|Microsoft.AspNetCore.Hosting.Internal.WebHost|Request starting HTTP/1.1 DEBUG http://localhost:1028/  0
2020-11-05 08:19:45.1646|INFO|Microsoft.AspNetCore.Hosting.Internal.WebHost|Request finished in 26.9099ms 500 
2020-11-05 08:19:45.1646|INFO|Microsoft.AspNetCore.Hosting.Internal.WebHost|Request finished in 31.5441ms 500 text/html; charset=utf-8
2020-11-05 08:19:45.3425|WARN|Microsoft.AspNetCore.Server.Kestrel|Connection processing ended abnormally.
2020-11-05 08:21:27.0699|INFO|CityInfo.API.Program|Initializing application...
2020-11-05 08:21:28.2125|INFO|Microsoft.AspNetCore.DataProtection.KeyManagement.XmlKeyManager|User profile is available. Using 'C:\Users\i.albuquerque.soares\AppData\Local\ASP.NET\DataProtection-Keys' as key repository and Windows DPAPI to encrypt keys at rest.
2020-11-05 08:21:34.6565|FATAL|Microsoft.AspNetCore.Hosting.Internal.WebHost|Application startup exception
2020-11-05 08:21:34.9250|INFO|Microsoft.AspNetCore.Hosting.Internal.WebHost|Request starting HTTP/1.1 DEBUG http://localhost:1028/  0
2020-11-05 08:21:34.9250|INFO|Microsoft.AspNetCore.Hosting.Internal.WebHost|Request starting HTTP/1.1 GET http://localhost:1028/  
2020-11-05 08:21:34.9608|INFO|Microsoft.AspNetCore.Hosting.Internal.WebHost|Request finished in 37.0357ms 500 text/html; charset=utf-8
2020-11-05 08:21:34.9699|INFO|Microsoft.AspNetCore.Hosting.Internal.WebHost|Request finished in 43.231ms 500 
2020-11-05 08:21:39.9578|INFO|Microsoft.AspNetCore.Hosting.Internal.WebHost|Request starting HTTP/1.1 GET http://localhost:1028/api/cities/1  
2020-11-05 08:21:39.9712|INFO|Microsoft.AspNetCore.Hosting.Internal.WebHost|Request finished in 10.6335ms 500 text/html; charset=utf-8
2020-11-05 08:24:07.6474|INFO|CityInfo.API.Program|Initializing application...
2020-11-05 08:24:08.8890|INFO|Microsoft.AspNetCore.DataProtection.KeyManagement.XmlKeyManager|User profile is available. Using 'C:\Users\i.albuquerque.soares\AppData\Local\ASP.NET\DataProtection-Keys' as key repository and Windows DPAPI to encrypt keys at rest.
2020-11-05 08:24:09.3887|FATAL|Microsoft.AspNetCore.Hosting.Internal.WebHost|Application startup exception
2020-11-05 08:24:09.8418|INFO|Microsoft.AspNetCore.Hosting.Internal.WebHost|Request starting HTTP/1.1 GET http://localhost:1028/  
2020-11-05 08:24:09.8418|INFO|Microsoft.AspNetCore.Hosting.Internal.WebHost|Request starting HTTP/1.1 DEBUG http://localhost:1028/  0
2020-11-05 08:24:09.8644|INFO|Microsoft.AspNetCore.Hosting.Internal.WebHost|Request finished in 25.0962ms 500 
2020-11-05 08:24:09.8644|INFO|Microsoft.AspNetCore.Hosting.Internal.WebHost|Request finished in 30.9769ms 500 text/html; charset=utf-8
2020-11-05 08:54:22.2387|INFO|CityInfo.API.Program|Initializing application...
2020-11-05 08:54:23.4652|INFO|Microsoft.AspNetCore.DataProtection.KeyManagement.XmlKeyManager|User profile is available. Using 'C:\Users\i.albuquerque.soares\AppData\Local\ASP.NET\DataProtection-Keys' as key repository and Windows DPAPI to encrypt keys at rest.
2020-11-05 08:54:23.9029|FATAL|Microsoft.AspNetCore.Hosting.Internal.WebHost|Application startup exception
2020-11-05 08:54:24.3336|INFO|Microsoft.AspNetCore.Hosting.Internal.WebHost|Request starting HTTP/1.1 DEBUG http://localhost:1028/  0
2020-11-05 08:54:24.3336|INFO|Microsoft.AspNetCore.Hosting.Internal.WebHost|Request starting HTTP/1.1 GET http://localhost:1028/  
2020-11-05 08:54:24.5014|ERROR|Microsoft.AspNetCore.Server.Kestrel|Connection id "0HM41G6536RP5", Request id "0HM41G6536RP5:00000001": An unhandled exception was thrown by the application.
2020-11-05 08:54:24.5014|ERROR|Microsoft.AspNetCore.Server.Kestrel|Connection id "0HM41G6536RP4", Request id "0HM41G6536RP4:00000001": An unhandled exception was thrown by the application.
2020-11-05 08:54:24.5238|INFO|Microsoft.AspNetCore.Hosting.Internal.WebHost|Request finished in 196.9634ms 500 
2020-11-05 08:54:24.5238|INFO|Microsoft.AspNetCore.Hosting.Internal.WebHost|Request finished in 197.1303ms 500 
2020-11-05 08:54:49.7907|INFO|Microsoft.AspNetCore.Hosting.Internal.WebHost|Request starting HTTP/1.1 GET http://localhost:1028/api/cities/1  
2020-11-05 08:54:49.8039|INFO|Microsoft.AspNetCore.Hosting.Internal.WebHost|Request finished in 13.9785ms 500 text/html; charset=utf-8
2020-11-05 08:58:15.3846|INFO|CityInfo.API.Program|Initializing application...
2020-11-05 08:58:16.9964|INFO|Microsoft.AspNetCore.DataProtection.KeyManagement.XmlKeyManager|User profile is available. Using 'C:\Users\i.albuquerque.soares\AppData\Local\ASP.NET\DataProtection-Keys' as key repository and Windows DPAPI to encrypt keys at rest.
2020-11-05 08:58:17.5930|FATAL|Microsoft.AspNetCore.Hosting.Internal.WebHost|Application startup exception
2020-11-05 08:58:17.9410|INFO|Microsoft.AspNetCore.Hosting.Internal.WebHost|Request starting HTTP/1.1 DEBUG http://localhost:1028/  0
2020-11-05 08:58:17.9410|INFO|Microsoft.AspNetCore.Hosting.Internal.WebHost|Request starting HTTP/1.1 GET http://localhost:1028/  
2020-11-05 08:58:17.9699|INFO|Microsoft.AspNetCore.Hosting.Internal.WebHost|Request finished in 30.6286ms 500 text/html; charset=utf-8
2020-11-05 08:58:18.0397|ERROR|Microsoft.AspNetCore.Server.Kestrel|Connection id "0HM41G8AMUOHC", Request id "0HM41G8AMUOHC:00000001": An unhandled exception was thrown by the application.
2020-11-05 08:58:18.0517|INFO|Microsoft.AspNetCore.Hosting.Internal.WebHost|Request finished in 110.0494ms 500 
2020-11-05 09:10:19.3878|INFO|CityInfo.API.Program|Initializing application...
2020-11-05 09:10:20.6450|INFO|Microsoft.AspNetCore.DataProtection.KeyManagement.XmlKeyManager|User profile is available. Using 'C:\Users\i.albuquerque.soares\AppData\Local\ASP.NET\DataProtection-Keys' as key repository and Windows DPAPI to encrypt keys at rest.
2020-11-05 09:10:24.2836|FATAL|Microsoft.AspNetCore.Hosting.Internal.WebHost|Application startup exception
2020-11-05 09:10:24.5683|INFO|Microsoft.AspNetCore.Hosting.Internal.WebHost|Request starting HTTP/1.1 DEBUG http://localhost:1028/  0
2020-11-05 09:10:24.5683|INFO|Microsoft.AspNetCore.Hosting.Internal.WebHost|Request starting HTTP/1.1 GET http://localhost:1028/  
2020-11-05 09:10:24.6153|INFO|Microsoft.AspNetCore.Hosting.Internal.WebHost|Request finished in 30.3982ms 500 
2020-11-05 09:10:24.6789|ERROR|Microsoft.AspNetCore.Server.Kestrel|Connection id "0HM41GF38OLMF", Request id "0HM41GF38OLMF:00000001": An unhandled exception was thrown by the application.
2020-11-05 09:10:24.6945|INFO|Microsoft.AspNetCore.Hosting.Internal.WebHost|Request finished in 130.7681ms 500 
2020-11-05 09:10:34.5909|INFO|Microsoft.AspNetCore.Hosting.Internal.WebHost|Request starting HTTP/1.1 GET http://localhost:1028/api/cities/1  
2020-11-05 09:10:34.6020|INFO|Microsoft.AspNetCore.Hosting.Internal.WebHost|Request finished in 8.9323ms 500 text/html; charset=utf-8
2020-11-05 10:03:08.0784|INFO|CityInfo.API.Program|Initializing application...
2020-11-05 10:03:37.3919|INFO|Microsoft.AspNetCore.DataProtection.KeyManagement.XmlKeyManager|User profile is available. Using 'C:\Users\i.albuquerque.soares\AppData\Local\ASP.NET\DataProtection-Keys' as key repository and Windows DPAPI to encrypt keys at rest.
2020-11-05 10:03:37.8304|FATAL|Microsoft.AspNetCore.Hosting.Internal.WebHost|Application startup exception
2020-11-05 10:03:38.1317|INFO|Microsoft.AspNetCore.Hosting.Internal.WebHost|Request starting HTTP/1.1 DEBUG http://localhost:1028/  0
2020-11-05 10:03:38.1317|INFO|Microsoft.AspNetCore.Hosting.Internal.WebHost|Request starting HTTP/1.1 GET http://localhost:1028/  
2020-11-05 10:03:38.1578|INFO|Microsoft.AspNetCore.Hosting.Internal.WebHost|Request finished in 28.9886ms 500 
2020-11-05 10:03:38.1578|INFO|Microsoft.AspNetCore.Hosting.Internal.WebHost|Request finished in 32.6447ms 500 text/html; charset=utf-8
2020-11-05 10:14:34.9936|INFO|Microsoft.AspNetCore.Hosting.Internal.WebHost|Request starting HTTP/1.1 GET http://localhost:1028/api/cities/1  
2020-11-05 10:14:35.0123|INFO|Microsoft.AspNetCore.Hosting.Internal.WebHost|Request finished in 17.9542ms 500 text/html; charset=utf-8
2020-11-05 10:21:01.1569|INFO|CityInfo.API.Program|Initializing application...
2020-11-05 10:21:09.6852|INFO|Microsoft.AspNetCore.DataProtection.KeyManagement.XmlKeyManager|User profile is available. Using 'C:\Users\i.albuquerque.soares\AppData\Local\ASP.NET\DataProtection-Keys' as key repository and Windows DPAPI to encrypt keys at rest.
2020-11-05 10:21:10.3916|INFO|Microsoft.AspNetCore.Hosting.Internal.WebHost|Request starting HTTP/1.1 DEBUG http://localhost:1028/  0
2020-11-05 10:21:10.3916|INFO|Microsoft.AspNetCore.Hosting.Internal.WebHost|Request starting HTTP/1.1 GET http://localhost:1028/  
2020-11-05 10:21:10.4541|INFO|Microsoft.AspNetCore.Hosting.Internal.WebHost|Request finished in 61.505ms 200 
2020-11-05 10:21:10.6544|INFO|Microsoft.AspNetCore.Hosting.Internal.WebHost|Request finished in 265.3564ms 404 text/plain
2020-11-05 10:21:17.3509|INFO|Microsoft.AspNetCore.Hosting.Internal.WebHost|Request starting HTTP/1.1 GET http://localhost:1028/api/cities/1  
2020-11-05 10:21:17.4071|INFO|Microsoft.AspNetCore.Mvc.Internal.ControllerActionInvoker|Route matched with {action = "GetCity", controller = "Cities"}. Executing controller action with signature Microsoft.AspNetCore.Mvc.IActionResult GetCity(Int32) on controller CityInfo.API.Controllers.CitiesController (CityInfo.API).
2020-11-05 10:21:17.4474|INFO|Microsoft.AspNetCore.Mvc.Internal.ControllerActionInvoker|Executing action method CityInfo.API.Controllers.CitiesController.GetCity (CityInfo.API) - Validation state: Valid
2020-11-05 10:21:43.0236|INFO|Microsoft.AspNetCore.Mvc.Internal.ControllerActionInvoker|Executed action method CityInfo.API.Controllers.CitiesController.GetCity (CityInfo.API), returned result Microsoft.AspNetCore.Mvc.OkObjectResult in 25561.6919ms.
2020-11-05 10:21:43.0348|INFO|Microsoft.AspNetCore.Mvc.Infrastructure.ObjectResultExecutor|Executing ObjectResult, writing value of type 'CityInfo.API.Models.CityDto'.
2020-11-05 10:21:43.1043|INFO|Microsoft.AspNetCore.Mvc.Internal.ControllerActionInvoker|Executed action CityInfo.API.Controllers.CitiesController.GetCity (CityInfo.API) in 25690.7697ms
2020-11-05 10:21:43.1095|INFO|Microsoft.AspNetCore.Hosting.Internal.WebHost|Request finished in 25758.599ms 200 application/json; charset=utf-8
2020-11-05 10:22:25.0594|INFO|CityInfo.API.Program|Initializing application...
2020-11-05 10:22:26.2797|INFO|Microsoft.AspNetCore.DataProtection.KeyManagement.XmlKeyManager|User profile is available. Using 'C:\Users\i.albuquerque.soares\AppData\Local\ASP.NET\DataProtection-Keys' as key repository and Windows DPAPI to encrypt keys at rest.
2020-11-05 10:22:26.8703|INFO|Microsoft.AspNetCore.Hosting.Internal.WebHost|Request starting HTTP/1.1 GET http://localhost:1028/  
2020-11-05 10:22:26.8703|INFO|Microsoft.AspNetCore.Hosting.Internal.WebHost|Request starting HTTP/1.1 DEBUG http://localhost:1028/  0
2020-11-05 10:22:26.9287|INFO|Microsoft.AspNetCore.Hosting.Internal.WebHost|Request finished in 58.5295ms 200 
2020-11-05 10:22:27.0716|INFO|Microsoft.AspNetCore.Hosting.Internal.WebHost|Request finished in 203.993ms 404 text/plain
2020-11-05 10:22:39.6312|INFO|Microsoft.AspNetCore.Hosting.Internal.WebHost|Request starting HTTP/1.1 GET http://localhost:1028/api/cities/1  
2020-11-05 10:22:39.6812|INFO|Microsoft.AspNetCore.Mvc.Internal.ControllerActionInvoker|Route matched with {action = "GetCity", controller = "Cities"}. Executing controller action with signature Microsoft.AspNetCore.Mvc.IActionResult GetCity(Int32) on controller CityInfo.API.Controllers.CitiesController (CityInfo.API).
2020-11-05 10:22:39.7084|INFO|Microsoft.AspNetCore.Mvc.Internal.ControllerActionInvoker|Executing action method CityInfo.API.Controllers.CitiesController.GetCity (CityInfo.API) - Validation state: Valid
2020-11-05 10:22:44.3665|INFO|Microsoft.AspNetCore.Mvc.Internal.ControllerActionInvoker|Executed action method CityInfo.API.Controllers.CitiesController.GetCity (CityInfo.API), returned result Microsoft.AspNetCore.Mvc.OkObjectResult in 4652.1314ms.
2020-11-05 10:22:44.3771|INFO|Microsoft.AspNetCore.Mvc.Infrastructure.ObjectResultExecutor|Executing ObjectResult, writing value of type 'CityInfo.API.Models.CityDto'.
2020-11-05 10:22:44.4408|INFO|Microsoft.AspNetCore.Mvc.Internal.ControllerActionInvoker|Executed action CityInfo.API.Controllers.CitiesController.GetCity (CityInfo.API) in 4753.5082ms
2020-11-05 10:22:44.4408|INFO|Microsoft.AspNetCore.Hosting.Internal.WebHost|Request finished in 4818.2848ms 200 application/json; charset=utf-8
2020-11-05 10:34:36.6866|INFO|CityInfo.API.Program|Initializing application...
2020-11-05 10:34:37.8769|INFO|Microsoft.AspNetCore.DataProtection.KeyManagement.XmlKeyManager|User profile is available. Using 'C:\Users\i.albuquerque.soares\AppData\Local\ASP.NET\DataProtection-Keys' as key repository and Windows DPAPI to encrypt keys at rest.
2020-11-05 10:34:38.5573|INFO|Microsoft.AspNetCore.Hosting.Internal.WebHost|Request starting HTTP/1.1 DEBUG http://localhost:1028/  0
2020-11-05 10:34:38.5573|INFO|Microsoft.AspNetCore.Hosting.Internal.WebHost|Request starting HTTP/1.1 GET http://localhost:1028/  
2020-11-05 10:34:38.6158|INFO|Microsoft.AspNetCore.Hosting.Internal.WebHost|Request finished in 60.282ms 200 
2020-11-05 10:34:38.8058|INFO|Microsoft.AspNetCore.Hosting.Internal.WebHost|Request finished in 251.4183ms 404 text/plain
2020-11-05 10:34:45.9429|INFO|Microsoft.AspNetCore.Hosting.Internal.WebHost|Request starting HTTP/1.1 GET http://localhost:1028/api/cities/1  
2020-11-05 10:34:46.0104|INFO|Microsoft.AspNetCore.Mvc.Internal.ControllerActionInvoker|Route matched with {action = "GetCity", controller = "Cities"}. Executing controller action with signature Microsoft.AspNetCore.Mvc.IActionResult GetCity(Int32) on controller CityInfo.API.Controllers.CitiesController (CityInfo.API).
2020-11-05 10:34:46.0980|INFO|Microsoft.AspNetCore.Mvc.Internal.ControllerActionInvoker|Executing action method CityInfo.API.Controllers.CitiesController.GetCity (CityInfo.API) - Validation state: Valid
2020-11-05 10:35:12.1214|INFO|Microsoft.AspNetCore.Mvc.Internal.ControllerActionInvoker|Executed action method CityInfo.API.Controllers.CitiesController.GetCity (CityInfo.API), returned result Microsoft.AspNetCore.Mvc.OkObjectResult in 26011.8391ms.
2020-11-05 10:35:12.1374|INFO|Microsoft.AspNetCore.Mvc.Infrastructure.ObjectResultExecutor|Executing ObjectResult, writing value of type 'CityInfo.API.Models.CityDto'.
2020-11-05 10:35:12.2057|INFO|Microsoft.AspNetCore.Mvc.Internal.ControllerActionInvoker|Executed action CityInfo.API.Controllers.CitiesController.GetCity (CityInfo.API) in 26189.0935ms
2020-11-05 10:35:12.2057|INFO|Microsoft.AspNetCore.Hosting.Internal.WebHost|Request finished in 26275.5588ms 200 application/json; charset=utf-8
2020-11-05 10:35:18.1071|INFO|Microsoft.AspNetCore.Hosting.Internal.WebHost|Request starting HTTP/1.1 GET http://localhost:1028/api/testdatabase  
2020-11-05 10:35:18.1157|INFO|Microsoft.AspNetCore.Mvc.Internal.ControllerActionInvoker|Route matched with {action = "TestDatabase", controller = "Dummy"}. Executing controller action with signature Microsoft.AspNetCore.Mvc.IActionResult TestDatabase() on controller CityInfo.API.Controllers.DummyController (CityInfo.API).
2020-11-05 10:35:26.1937|INFO|Microsoft.EntityFrameworkCore.Infrastructure|Entity Framework Core 2.1.14-servicing-32113 initialized 'CityInfoContext' using provider 'Microsoft.EntityFrameworkCore.SqlServer' with options: None
2020-11-05 10:35:26.3704|INFO|Microsoft.EntityFrameworkCore.Database.Command|Executed DbCommand (22ms) [Parameters=[], CommandType='Text', CommandTimeout='30']
IF EXISTS (SELECT * FROM INFORMATION_SCHEMA.TABLES WHERE TABLE_TYPE = 'BASE TABLE') SELECT 1 ELSE SELECT 0
2020-11-05 10:35:26.3704|INFO|Microsoft.AspNetCore.Mvc.Internal.ControllerActionInvoker|Executing action method CityInfo.API.Controllers.DummyController.TestDatabase (CityInfo.API) - Validation state: Valid
2020-11-05 10:35:28.7771|INFO|Microsoft.AspNetCore.Mvc.Internal.ControllerActionInvoker|Executed action method CityInfo.API.Controllers.DummyController.TestDatabase (CityInfo.API), returned result Microsoft.AspNetCore.Mvc.OkResult in 2399.8389ms.
2020-11-05 10:35:28.7964|INFO|Microsoft.AspNetCore.Mvc.StatusCodeResult|Executing HttpStatusCodeResult, setting HTTP status code 200
2020-11-05 10:35:28.7964|INFO|Microsoft.AspNetCore.Mvc.Internal.ControllerActionInvoker|Executed action CityInfo.API.Controllers.DummyController.TestDatabase (CityInfo.API) in 10680.7364ms
2020-11-05 10:35:28.7964|INFO|Microsoft.AspNetCore.Hosting.Internal.WebHost|Request finished in 10696.2024ms 200 
2020-11-05 10:46:55.7266|INFO|Microsoft.EntityFrameworkCore.Infrastructure|Entity Framework Core 2.1.14-servicing-32113 initialized 'CityInfoContext' using provider 'Microsoft.EntityFrameworkCore.SqlServer' with options: None
2020-11-05 10:46:55.8635|INFO|Microsoft.EntityFrameworkCore.Database.Command|Executed DbCommand (8ms) [Parameters=[], CommandType='Text', CommandTimeout='30']
IF EXISTS (SELECT * FROM INFORMATION_SCHEMA.TABLES WHERE TABLE_TYPE = 'BASE TABLE') SELECT 1 ELSE SELECT 0
2020-11-05 11:05:12.5702|INFO|Microsoft.EntityFrameworkCore.Infrastructure|Entity Framework Core 2.1.14-servicing-32113 initialized 'CityInfoContext' using provider 'Microsoft.EntityFrameworkCore.SqlServer' with options: None
2020-11-05 11:05:12.7064|INFO|Microsoft.EntityFrameworkCore.Database.Command|Executed DbCommand (4ms) [Parameters=[], CommandType='Text', CommandTimeout='30']
SELECT OBJECT_ID(N'[__EFMigrationsHistory]');
2020-11-05 11:05:12.7659|INFO|Microsoft.EntityFrameworkCore.Database.Command|Executed DbCommand (19ms) [Parameters=[], CommandType='Text', CommandTimeout='30']
CREATE TABLE [__EFMigrationsHistory] (
    [MigrationId] nvarchar(150) NOT NULL,
    [ProductVersion] nvarchar(32) NOT NULL,
    CONSTRAINT [PK___EFMigrationsHistory] PRIMARY KEY ([MigrationId])
);
2020-11-05 11:05:12.7659|INFO|Microsoft.EntityFrameworkCore.Database.Command|Executed DbCommand (1ms) [Parameters=[], CommandType='Text', CommandTimeout='30']
SELECT OBJECT_ID(N'[__EFMigrationsHistory]');
2020-11-05 11:05:12.7659|INFO|Microsoft.EntityFrameworkCore.Database.Command|Executed DbCommand (2ms) [Parameters=[], CommandType='Text', CommandTimeout='30']
SELECT [MigrationId], [ProductVersion]
FROM [__EFMigrationsHistory]
ORDER BY [MigrationId];
2020-11-05 11:05:12.7830|INFO|Microsoft.EntityFrameworkCore.Migrations|Applying migration '20201105134655_CityInfoDBInitialMigration'.
2020-11-05 11:05:12.8066|INFO|Microsoft.EntityFrameworkCore.Database.Command|Executed DbCommand (3ms) [Parameters=[], CommandType='Text', CommandTimeout='30']
CREATE TABLE [Cities] (
    [Id] int NOT NULL IDENTITY,
    [Name] nvarchar(50) NOT NULL,
    [Description] nvarchar(200) NULL,
    CONSTRAINT [PK_Cities] PRIMARY KEY ([Id])
);
2020-11-05 11:05:12.8140|INFO|Microsoft.EntityFrameworkCore.Database.Command|Executed DbCommand (7ms) [Parameters=[], CommandType='Text', CommandTimeout='30']
CREATE TABLE [PointOfInterestDto] (
    [Id] int NOT NULL IDENTITY,
    [Name] nvarchar(max) NULL,
    [Description] nvarchar(max) NULL,
    [CityId] int NULL,
    CONSTRAINT [PK_PointOfInterestDto] PRIMARY KEY ([Id]),
    CONSTRAINT [FK_PointOfInterestDto_Cities_CityId] FOREIGN KEY ([CityId]) REFERENCES [Cities] ([Id]) ON DELETE NO ACTION
);
2020-11-05 11:05:12.8140|INFO|Microsoft.EntityFrameworkCore.Database.Command|Executed DbCommand (2ms) [Parameters=[], CommandType='Text', CommandTimeout='30']
CREATE TABLE [PointsOfInterest] (
    [Id] int NOT NULL IDENTITY,
    [Name] nvarchar(50) NOT NULL,
    [CityId] int NOT NULL,
    CONSTRAINT [PK_PointsOfInterest] PRIMARY KEY ([Id]),
    CONSTRAINT [FK_PointsOfInterest_Cities_CityId] FOREIGN KEY ([CityId]) REFERENCES [Cities] ([Id]) ON DELETE CASCADE
);
2020-11-05 11:05:12.8342|INFO|Microsoft.EntityFrameworkCore.Database.Command|Executed DbCommand (6ms) [Parameters=[], CommandType='Text', CommandTimeout='30']
CREATE INDEX [IX_PointOfInterestDto_CityId] ON [PointOfInterestDto] ([CityId]);
2020-11-05 11:05:12.8342|INFO|Microsoft.EntityFrameworkCore.Database.Command|Executed DbCommand (1ms) [Parameters=[], CommandType='Text', CommandTimeout='30']
CREATE INDEX [IX_PointsOfInterest_CityId] ON [PointsOfInterest] ([CityId]);
2020-11-05 11:05:12.8342|INFO|Microsoft.EntityFrameworkCore.Database.Command|Executed DbCommand (5ms) [Parameters=[], CommandType='Text', CommandTimeout='30']
INSERT INTO [__EFMigrationsHistory] ([MigrationId], [ProductVersion])
VALUES (N'20201105134655_CityInfoDBInitialMigration', N'2.1.14-servicing-32113');
2020-11-05 11:20:54.6050|INFO|CityInfo.API.Program|Initializing application...
2020-11-05 11:20:56.1707|INFO|Microsoft.EntityFrameworkCore.Infrastructure|Entity Framework Core 2.1.14-servicing-32113 initialized 'CityInfoContext' using provider 'Microsoft.EntityFrameworkCore.SqlServer' with options: None
2020-11-05 11:20:56.6656|ERROR|Microsoft.EntityFrameworkCore.Database.Command|Failed executing DbCommand (111ms) [Parameters=[], CommandType='Text', CommandTimeout='60']
IF SERVERPROPERTY('EngineEdition') <> 5
BEGIN
    ALTER DATABASE [master] SET SINGLE_USER WITH ROLLBACK IMMEDIATE;
END;
2020-11-05 11:20:56.7088|ERROR|CityInfo.API.Program|An error ocurred while migrating the database.
2020-11-05 11:20:56.8278|INFO|Microsoft.AspNetCore.DataProtection.KeyManagement.XmlKeyManager|User profile is available. Using 'C:\Users\i.albuquerque.soares\AppData\Local\ASP.NET\DataProtection-Keys' as key repository and Windows DPAPI to encrypt keys at rest.
2020-11-05 11:20:57.5913|INFO|Microsoft.AspNetCore.Hosting.Internal.WebHost|Request starting HTTP/1.1 DEBUG http://localhost:1028/  0
2020-11-05 11:20:57.5913|INFO|Microsoft.AspNetCore.Hosting.Internal.WebHost|Request starting HTTP/1.1 GET http://localhost:1028/  
2020-11-05 11:20:57.6583|INFO|Microsoft.AspNetCore.Hosting.Internal.WebHost|Request finished in 66.6717ms 200 
2020-11-05 11:20:57.8419|INFO|Microsoft.AspNetCore.Hosting.Internal.WebHost|Request finished in 252.056ms 404 text/plain
2020-11-05 11:34:23.0640|INFO|CityInfo.API.Program|Initializing application...
2020-11-05 11:34:24.7708|INFO|Microsoft.EntityFrameworkCore.Infrastructure|Entity Framework Core 2.1.14-servicing-32113 initialized 'CityInfoContext' using provider 'Microsoft.EntityFrameworkCore.SqlServer' with options: None
2020-11-05 11:34:25.2390|ERROR|Microsoft.EntityFrameworkCore.Database.Command|Failed executing DbCommand (90ms) [Parameters=[], CommandType='Text', CommandTimeout='60']
IF SERVERPROPERTY('EngineEdition') <> 5
BEGIN
    ALTER DATABASE [master] SET SINGLE_USER WITH ROLLBACK IMMEDIATE;
END;
2020-11-05 11:34:25.2836|ERROR|CityInfo.API.Program|An error ocurred while migrating the database.
2020-11-05 11:34:25.3851|INFO|Microsoft.AspNetCore.DataProtection.KeyManagement.XmlKeyManager|User profile is available. Using 'C:\Users\i.albuquerque.soares\AppData\Local\ASP.NET\DataProtection-Keys' as key repository and Windows DPAPI to encrypt keys at rest.
2020-11-05 11:34:25.7796|FATAL|Microsoft.AspNetCore.Hosting.Internal.WebHost|Application startup exception
2020-11-05 11:34:26.1230|INFO|Microsoft.AspNetCore.Hosting.Internal.WebHost|Request starting HTTP/1.1 GET http://localhost:1028/  
2020-11-05 11:34:26.1230|INFO|Microsoft.AspNetCore.Hosting.Internal.WebHost|Request starting HTTP/1.1 DEBUG http://localhost:1028/  0
2020-11-05 11:34:26.1662|INFO|Microsoft.AspNetCore.Hosting.Internal.WebHost|Request finished in 36.4134ms 500 
2020-11-05 11:34:26.1807|INFO|Microsoft.AspNetCore.Hosting.Internal.WebHost|Request finished in 59.1716ms 500 text/html; charset=utf-8
2020-11-05 11:35:24.0823|INFO|CityInfo.API.Program|Initializing application...
2020-11-05 11:35:25.7468|INFO|Microsoft.EntityFrameworkCore.Infrastructure|Entity Framework Core 2.1.14-servicing-32113 initialized 'CityInfoContext' using provider 'Microsoft.EntityFrameworkCore.SqlServer' with options: None
2020-11-05 11:35:26.0794|ERROR|Microsoft.EntityFrameworkCore.Database.Command|Failed executing DbCommand (71ms) [Parameters=[], CommandType='Text', CommandTimeout='60']
IF SERVERPROPERTY('EngineEdition') <> 5
BEGIN
    ALTER DATABASE [master] SET SINGLE_USER WITH ROLLBACK IMMEDIATE;
END;
2020-11-05 11:35:26.1192|ERROR|CityInfo.API.Program|An error ocurred while migrating the database.
2020-11-05 11:35:26.2115|INFO|Microsoft.AspNetCore.DataProtection.KeyManagement.XmlKeyManager|User profile is available. Using 'C:\Users\i.albuquerque.soares\AppData\Local\ASP.NET\DataProtection-Keys' as key repository and Windows DPAPI to encrypt keys at rest.
2020-11-05 11:35:26.7738|INFO|Microsoft.AspNetCore.Hosting.Internal.WebHost|Request starting HTTP/1.1 GET http://localhost:1028/  
2020-11-05 11:35:26.7738|INFO|Microsoft.AspNetCore.Hosting.Internal.WebHost|Request starting HTTP/1.1 DEBUG http://localhost:1028/  0
2020-11-05 11:35:26.9067|INFO|Microsoft.AspNetCore.Hosting.Internal.WebHost|Request finished in 134.0651ms 200 
2020-11-05 11:35:27.1030|INFO|Microsoft.AspNetCore.Hosting.Internal.WebHost|Request finished in 333.0059ms 404 text/plain
2020-11-05 13:25:03.8191|INFO|CityInfo.API.Program|Initializing application...
2020-11-05 13:25:05.2529|INFO|Microsoft.EntityFrameworkCore.Infrastructure|Entity Framework Core 2.1.14-servicing-32113 initialized 'CityInfoContext' using provider 'Microsoft.EntityFrameworkCore.SqlServer' with options: None
2020-11-05 13:25:07.0086|ERROR|Microsoft.EntityFrameworkCore.Database.Command|Failed executing DbCommand (85ms) [Parameters=[], CommandType='Text', CommandTimeout='60']
IF SERVERPROPERTY('EngineEdition') <> 5
BEGIN
    ALTER DATABASE [master] SET SINGLE_USER WITH ROLLBACK IMMEDIATE;
END;
2020-11-05 13:25:07.0540|ERROR|CityInfo.API.Program|An error ocurred while migrating the database.
2020-11-05 13:25:07.1375|INFO|Microsoft.AspNetCore.DataProtection.KeyManagement.XmlKeyManager|User profile is available. Using 'C:\Users\i.albuquerque.soares\AppData\Local\ASP.NET\DataProtection-Keys' as key repository and Windows DPAPI to encrypt keys at rest.
2020-11-05 13:25:07.4038|FATAL|Microsoft.AspNetCore.Hosting.Internal.WebHost|Application startup exception
2020-11-05 13:25:07.7353|INFO|Microsoft.AspNetCore.Hosting.Internal.WebHost|Request starting HTTP/1.1 DEBUG http://localhost:1028/  0
2020-11-05 13:25:07.7353|INFO|Microsoft.AspNetCore.Hosting.Internal.WebHost|Request starting HTTP/1.1 GET http://localhost:1028/  
2020-11-05 13:25:07.8519|ERROR|Microsoft.AspNetCore.Server.Kestrel|Connection id "0HM41KTE0DNNI", Request id "0HM41KTE0DNNI:00000001": An unhandled exception was thrown by the application.
2020-11-05 13:25:07.8519|ERROR|Microsoft.AspNetCore.Server.Kestrel|Connection id "0HM41KTE0DNNJ", Request id "0HM41KTE0DNNJ:00000001": An unhandled exception was thrown by the application.
2020-11-05 13:25:07.8780|INFO|Microsoft.AspNetCore.Hosting.Internal.WebHost|Request finished in 137.1657ms 500 
2020-11-05 13:25:07.8780|INFO|Microsoft.AspNetCore.Hosting.Internal.WebHost|Request finished in 137.152ms 500 
2020-11-05 13:25:35.5994|INFO|CityInfo.API.Program|Initializing application...
2020-11-05 13:25:37.0437|INFO|Microsoft.EntityFrameworkCore.Infrastructure|Entity Framework Core 2.1.14-servicing-32113 initialized 'CityInfoContext' using provider 'Microsoft.EntityFrameworkCore.SqlServer' with options: None
2020-11-05 13:25:38.3555|ERROR|Microsoft.EntityFrameworkCore.Database.Command|Failed executing DbCommand (80ms) [Parameters=[], CommandType='Text', CommandTimeout='60']
IF SERVERPROPERTY('EngineEdition') <> 5
BEGIN
    ALTER DATABASE [master] SET SINGLE_USER WITH ROLLBACK IMMEDIATE;
END;
2020-11-05 13:25:38.3961|ERROR|CityInfo.API.Program|An error ocurred while migrating the database.
2020-11-05 13:25:38.5116|INFO|Microsoft.AspNetCore.DataProtection.KeyManagement.XmlKeyManager|User profile is available. Using 'C:\Users\i.albuquerque.soares\AppData\Local\ASP.NET\DataProtection-Keys' as key repository and Windows DPAPI to encrypt keys at rest.
2020-11-05 13:25:38.9687|INFO|Microsoft.AspNetCore.Hosting.Internal.WebHost|Request starting HTTP/1.1 GET http://localhost:1028/  
2020-11-05 13:25:38.9687|INFO|Microsoft.AspNetCore.Hosting.Internal.WebHost|Request starting HTTP/1.1 DEBUG http://localhost:1028/  0
2020-11-05 13:25:39.0074|INFO|Microsoft.AspNetCore.Hosting.Internal.WebHost|Request finished in 39.0959ms 200 
2020-11-05 13:25:39.1382|INFO|Microsoft.AspNetCore.Hosting.Internal.WebHost|Request finished in 168.5782ms 404 text/plain
2020-11-05 13:26:11.5858|INFO|Microsoft.AspNetCore.Hosting.Internal.WebHost|Request starting HTTP/1.1 GET http://localhost:1028/api/testdatabase  
2020-11-05 13:26:11.6260|INFO|Microsoft.AspNetCore.Mvc.Internal.ControllerActionInvoker|Route matched with {action = "TestDatabase", controller = "Dummy"}. Executing controller action with signature Microsoft.AspNetCore.Mvc.IActionResult TestDatabase() on controller CityInfo.API.Controllers.DummyController (CityInfo.API).
2020-11-05 13:26:11.6455|INFO|Microsoft.AspNetCore.Mvc.Internal.ControllerActionInvoker|Executing action method CityInfo.API.Controllers.DummyController.TestDatabase (CityInfo.API) - Validation state: Valid
2020-11-05 13:26:14.7685|INFO|Microsoft.AspNetCore.Mvc.Internal.ControllerActionInvoker|Executed action method CityInfo.API.Controllers.DummyController.TestDatabase (CityInfo.API), returned result Microsoft.AspNetCore.Mvc.OkResult in 3099.9859ms.
2020-11-05 13:26:14.7685|INFO|Microsoft.AspNetCore.Mvc.StatusCodeResult|Executing HttpStatusCodeResult, setting HTTP status code 200
2020-11-05 13:26:14.7840|INFO|Microsoft.AspNetCore.Mvc.Internal.ControllerActionInvoker|Executed action CityInfo.API.Controllers.DummyController.TestDatabase (CityInfo.API) in 3151.0267ms
2020-11-05 13:26:14.7840|INFO|Microsoft.AspNetCore.Hosting.Internal.WebHost|Request finished in 3206.2551ms 200 
2020-11-05 13:37:05.0513|INFO|Microsoft.EntityFrameworkCore.Infrastructure|Entity Framework Core 2.1.14-servicing-32113 initialized 'CityInfoContext' using provider 'Microsoft.EntityFrameworkCore.SqlServer' with options: None
2020-11-05 13:39:34.0844|INFO|CityInfo.API.Program|Initializing application...
2020-11-05 13:39:35.4726|INFO|Microsoft.EntityFrameworkCore.Infrastructure|Entity Framework Core 2.1.14-servicing-32113 initialized 'CityInfoContext' using provider 'Microsoft.EntityFrameworkCore.SqlServer' with options: None
2020-11-05 13:39:36.8321|ERROR|Microsoft.EntityFrameworkCore.Database.Command|Failed executing DbCommand (72ms) [Parameters=[], CommandType='Text', CommandTimeout='60']
IF SERVERPROPERTY('EngineEdition') <> 5
BEGIN
    ALTER DATABASE [master] SET SINGLE_USER WITH ROLLBACK IMMEDIATE;
END;
2020-11-05 13:39:36.8722|ERROR|CityInfo.API.Program|An error ocurred while migrating the database.
2020-11-05 13:39:36.9507|INFO|Microsoft.AspNetCore.DataProtection.KeyManagement.XmlKeyManager|User profile is available. Using 'C:\Users\i.albuquerque.soares\AppData\Local\ASP.NET\DataProtection-Keys' as key repository and Windows DPAPI to encrypt keys at rest.
2020-11-05 13:39:37.4663|INFO|Microsoft.AspNetCore.Hosting.Internal.WebHost|Request starting HTTP/1.1 DEBUG http://localhost:1028/  0
2020-11-05 13:39:37.4663|INFO|Microsoft.AspNetCore.Hosting.Internal.WebHost|Request starting HTTP/1.1 GET http://localhost:1028/  
2020-11-05 13:39:37.5131|INFO|Microsoft.AspNetCore.Hosting.Internal.WebHost|Request finished in 47.9311ms 200 
2020-11-05 13:39:37.6358|INFO|Microsoft.AspNetCore.Hosting.Internal.WebHost|Request finished in 171.6697ms 404 text/plain
2020-11-05 13:49:19.7611|INFO|CityInfo.API.Program|Initializing application...
2020-11-05 13:49:21.3509|INFO|Microsoft.EntityFrameworkCore.Infrastructure|Entity Framework Core 2.1.14-servicing-32113 initialized 'CityInfoContext' using provider 'Microsoft.EntityFrameworkCore.SqlServer' with options: None
2020-11-05 13:49:22.7200|ERROR|Microsoft.EntityFrameworkCore.Database.Command|Failed executing DbCommand (75ms) [Parameters=[], CommandType='Text', CommandTimeout='60']
IF SERVERPROPERTY('EngineEdition') <> 5
BEGIN
    ALTER DATABASE [master] SET SINGLE_USER WITH ROLLBACK IMMEDIATE;
END;
2020-11-05 13:49:22.7772|ERROR|CityInfo.API.Program|An error ocurred while migrating the database.
2020-11-05 13:49:22.8584|INFO|Microsoft.AspNetCore.DataProtection.KeyManagement.XmlKeyManager|User profile is available. Using 'C:\Users\i.albuquerque.soares\AppData\Local\ASP.NET\DataProtection-Keys' as key repository and Windows DPAPI to encrypt keys at rest.
2020-11-05 13:49:23.4412|INFO|Microsoft.AspNetCore.Hosting.Internal.WebHost|Request starting HTTP/1.1 GET http://localhost:1028/  
2020-11-05 13:49:23.4412|INFO|Microsoft.AspNetCore.Hosting.Internal.WebHost|Request starting HTTP/1.1 DEBUG http://localhost:1028/  0
2020-11-05 13:49:23.4868|INFO|Microsoft.AspNetCore.Hosting.Internal.WebHost|Request finished in 47.1151ms 200 
2020-11-05 13:49:23.6123|INFO|Microsoft.AspNetCore.Hosting.Internal.WebHost|Request finished in 174.2744ms 404 text/plain
2020-11-05 13:49:23.7700|INFO|Microsoft.AspNetCore.Hosting.Internal.WebHost|Request starting HTTP/1.1 GET http://localhost:1028/favicon.ico  
2020-11-05 13:49:23.7700|INFO|Microsoft.AspNetCore.Hosting.Internal.WebHost|Request finished in 6.3973ms 404 text/plain
2020-11-05 13:51:52.5279|INFO|CityInfo.API.Program|Initializing application...
2020-11-05 13:51:54.1823|INFO|Microsoft.EntityFrameworkCore.Infrastructure|Entity Framework Core 2.1.14-servicing-32113 initialized 'CityInfoContext' using provider 'Microsoft.EntityFrameworkCore.SqlServer' with options: None
2020-11-05 13:51:55.6375|ERROR|Microsoft.EntityFrameworkCore.Database.Command|Failed executing DbCommand (74ms) [Parameters=[], CommandType='Text', CommandTimeout='60']
IF SERVERPROPERTY('EngineEdition') <> 5
BEGIN
    ALTER DATABASE [master] SET SINGLE_USER WITH ROLLBACK IMMEDIATE;
END;
2020-11-05 13:51:55.6777|ERROR|CityInfo.API.Program|An error ocurred while migrating the database.
2020-11-05 13:51:55.7503|INFO|Microsoft.AspNetCore.DataProtection.KeyManagement.XmlKeyManager|User profile is available. Using 'C:\Users\i.albuquerque.soares\AppData\Local\ASP.NET\DataProtection-Keys' as key repository and Windows DPAPI to encrypt keys at rest.
2020-11-05 13:51:56.0223|FATAL|Microsoft.AspNetCore.Hosting.Internal.WebHost|Application startup exception
2020-11-05 13:51:56.2860|INFO|Microsoft.AspNetCore.Hosting.Internal.WebHost|Request starting HTTP/1.1 DEBUG http://localhost:1028/  0
2020-11-05 13:51:56.2860|INFO|Microsoft.AspNetCore.Hosting.Internal.WebHost|Request starting HTTP/1.1 GET http://localhost:1028/  
2020-11-05 13:51:56.3959|ERROR|Microsoft.AspNetCore.Server.Kestrel|Connection id "0HM41LCDCPAP3", Request id "0HM41LCDCPAP3:00000001": An unhandled exception was thrown by the application.
2020-11-05 13:51:56.3959|ERROR|Microsoft.AspNetCore.Server.Kestrel|Connection id "0HM41LCDCPAP2", Request id "0HM41LCDCPAP2:00000001": An unhandled exception was thrown by the application.
2020-11-05 13:51:56.4129|INFO|Microsoft.AspNetCore.Hosting.Internal.WebHost|Request finished in 128.6063ms 500 
2020-11-05 13:51:56.4129|INFO|Microsoft.AspNetCore.Hosting.Internal.WebHost|Request finished in 128.5868ms 500 
2020-11-05 13:53:39.2549|INFO|Microsoft.EntityFrameworkCore.Infrastructure|Entity Framework Core 2.1.14-servicing-32113 initialized 'CityInfoContext' using provider 'Microsoft.EntityFrameworkCore.SqlServer' with options: None
2020-11-05 13:53:53.0280|INFO|Microsoft.EntityFrameworkCore.Infrastructure|Entity Framework Core 2.1.14-servicing-32113 initialized 'CityInfoContext' using provider 'Microsoft.EntityFrameworkCore.SqlServer' with options: None
2020-11-05 13:54:11.5039|INFO|CityInfo.API.Program|Initializing application...
2020-11-05 13:54:13.2208|INFO|Microsoft.EntityFrameworkCore.Infrastructure|Entity Framework Core 2.1.14-servicing-32113 initialized 'CityInfoContext' using provider 'Microsoft.EntityFrameworkCore.SqlServer' with options: None
2020-11-05 13:54:14.4522|ERROR|Microsoft.EntityFrameworkCore.Database.Command|Failed executing DbCommand (79ms) [Parameters=[], CommandType='Text', CommandTimeout='60']
IF SERVERPROPERTY('EngineEdition') <> 5
BEGIN
    ALTER DATABASE [master] SET SINGLE_USER WITH ROLLBACK IMMEDIATE;
END;
2020-11-05 13:54:14.5021|ERROR|CityInfo.API.Program|An error ocurred while migrating the database.
2020-11-05 13:54:14.5858|INFO|Microsoft.AspNetCore.DataProtection.KeyManagement.XmlKeyManager|User profile is available. Using 'C:\Users\i.albuquerque.soares\AppData\Local\ASP.NET\DataProtection-Keys' as key repository and Windows DPAPI to encrypt keys at rest.
2020-11-05 13:54:14.9513|INFO|Microsoft.AspNetCore.Hosting.Internal.WebHost|Request starting HTTP/1.1 GET http://localhost:1028/  
2020-11-05 13:54:14.9513|INFO|Microsoft.AspNetCore.Hosting.Internal.WebHost|Request starting HTTP/1.1 DEBUG http://localhost:1028/  0
2020-11-05 13:54:15.0101|INFO|Microsoft.AspNetCore.Hosting.Internal.WebHost|Request finished in 59.4507ms 200 
2020-11-05 13:54:15.1320|INFO|Microsoft.AspNetCore.Hosting.Internal.WebHost|Request finished in 182.7898ms 404 text/plain
2020-11-05 14:31:42.4060|INFO|CityInfo.API.Program|Initializing application...
2020-11-05 14:31:42.9478|ERROR|CityInfo.API.Program|Application stopped because of exception.
2020-11-05 14:32:05.5649|INFO|CityInfo.API.Program|Initializing application...
2020-11-05 14:32:05.6835|ERROR|CityInfo.API.Program|Application stopped because of exception.
2020-11-05 14:32:15.7974|INFO|CityInfo.API.Program|Initializing application...
2020-11-05 14:32:16.3998|ERROR|CityInfo.API.Program|Application stopped because of exception.
2020-11-05 14:32:20.9834|INFO|CityInfo.API.Program|Initializing application...
2020-11-05 14:32:21.0897|ERROR|CityInfo.API.Program|Application stopped because of exception.
2020-11-05 14:32:28.8947|INFO|CityInfo.API.Program|Initializing application...
2020-11-05 14:32:29.4226|ERROR|CityInfo.API.Program|Application stopped because of exception.
2020-11-05 14:32:34.0022|INFO|CityInfo.API.Program|Initializing application...
2020-11-05 14:32:34.1177|ERROR|CityInfo.API.Program|Application stopped because of exception.
2020-11-05 14:32:40.1235|INFO|CityInfo.API.Program|Initializing application...
2020-11-05 14:32:58.1877|INFO|CityInfo.API.Program|Initializing application...
2020-11-05 14:32:58.2942|ERROR|CityInfo.API.Program|Application stopped because of exception.
2020-11-05 14:33:10.1432|INFO|CityInfo.API.Program|Initializing application...
2020-11-05 14:33:10.5705|ERROR|CityInfo.API.Program|Application stopped because of exception.
2020-11-05 14:33:15.0654|INFO|CityInfo.API.Program|Initializing application...
2020-11-05 14:33:15.1726|ERROR|CityInfo.API.Program|Application stopped because of exception.
2020-11-05 14:36:19.8498|INFO|CityInfo.API.Program|Initializing application...
2020-11-05 14:36:20.4159|ERROR|CityInfo.API.Program|Application stopped because of exception.
2020-11-05 14:38:32.4137|INFO|CityInfo.API.Program|Initializing application...
2020-11-05 14:38:32.5225|ERROR|CityInfo.API.Program|Application stopped because of exception.
2020-11-05 14:38:45.5675|INFO|CityInfo.API.Program|Initializing application...
2020-11-05 14:38:47.0923|INFO|Microsoft.EntityFrameworkCore.Infrastructure|Entity Framework Core 2.1.14-servicing-32113 initialized 'CityInfoContext' using provider 'Microsoft.EntityFrameworkCore.SqlServer' with options: None
2020-11-05 14:38:48.3345|INFO|Microsoft.EntityFrameworkCore.Database.Command|Executed DbCommand (4ms) [Parameters=[], CommandType='Text', CommandTimeout='60']
IF SERVERPROPERTY('EngineEdition') <> 5
BEGIN
    ALTER DATABASE [CityInfoDB] SET SINGLE_USER WITH ROLLBACK IMMEDIATE;
END;
2020-11-05 14:38:48.3859|INFO|Microsoft.EntityFrameworkCore.Database.Command|Executed DbCommand (46ms) [Parameters=[], CommandType='Text', CommandTimeout='60']
DROP DATABASE [CityInfoDB];
2020-11-05 14:38:59.2200|INFO|Microsoft.EntityFrameworkCore.Database.Command|Executed DbCommand (338ms) [Parameters=[], CommandType='Text', CommandTimeout='60']
CREATE DATABASE [CityInfoDB];
2020-11-05 14:38:59.3393|INFO|Microsoft.EntityFrameworkCore.Database.Command|Executed DbCommand (116ms) [Parameters=[], CommandType='Text', CommandTimeout='60']
IF SERVERPROPERTY('EngineEdition') <> 5
BEGIN
    ALTER DATABASE [CityInfoDB] SET READ_COMMITTED_SNAPSHOT ON;
END;
2020-11-05 14:38:59.4148|INFO|Microsoft.EntityFrameworkCore.Database.Command|Executed DbCommand (10ms) [Parameters=[], CommandType='Text', CommandTimeout='30']
CREATE TABLE [__EFMigrationsHistory] (
    [MigrationId] nvarchar(150) NOT NULL,
    [ProductVersion] nvarchar(32) NOT NULL,
    CONSTRAINT [PK___EFMigrationsHistory] PRIMARY KEY ([MigrationId])
);
2020-11-05 14:38:59.4216|INFO|Microsoft.EntityFrameworkCore.Database.Command|Executed DbCommand (3ms) [Parameters=[], CommandType='Text', CommandTimeout='30']
SELECT OBJECT_ID(N'[__EFMigrationsHistory]');
2020-11-05 14:38:59.4216|INFO|Microsoft.EntityFrameworkCore.Database.Command|Executed DbCommand (2ms) [Parameters=[], CommandType='Text', CommandTimeout='30']
SELECT [MigrationId], [ProductVersion]
FROM [__EFMigrationsHistory]
ORDER BY [MigrationId];
2020-11-05 14:38:59.4371|INFO|Microsoft.EntityFrameworkCore.Migrations|Applying migration '20201105134655_CityInfoDBInitialMigration'.
2020-11-05 14:38:59.4604|INFO|Microsoft.EntityFrameworkCore.Database.Command|Executed DbCommand (2ms) [Parameters=[], CommandType='Text', CommandTimeout='30']
CREATE TABLE [Cities] (
    [Id] int NOT NULL IDENTITY,
    [Name] nvarchar(50) NOT NULL,
    [Description] nvarchar(200) NULL,
    CONSTRAINT [PK_Cities] PRIMARY KEY ([Id])
);
2020-11-05 14:38:59.4604|INFO|Microsoft.EntityFrameworkCore.Database.Command|Executed DbCommand (2ms) [Parameters=[], CommandType='Text', CommandTimeout='30']
CREATE TABLE [PointOfInterestDto] (
    [Id] int NOT NULL IDENTITY,
    [Name] nvarchar(max) NULL,
    [Description] nvarchar(max) NULL,
    [CityId] int NULL,
    CONSTRAINT [PK_PointOfInterestDto] PRIMARY KEY ([Id]),
    CONSTRAINT [FK_PointOfInterestDto_Cities_CityId] FOREIGN KEY ([CityId]) REFERENCES [Cities] ([Id]) ON DELETE NO ACTION
);
2020-11-05 14:38:59.4700|INFO|Microsoft.EntityFrameworkCore.Database.Command|Executed DbCommand (2ms) [Parameters=[], CommandType='Text', CommandTimeout='30']
CREATE TABLE [PointsOfInterest] (
    [Id] int NOT NULL IDENTITY,
    [Name] nvarchar(50) NOT NULL,
    [CityId] int NOT NULL,
    CONSTRAINT [PK_PointsOfInterest] PRIMARY KEY ([Id]),
    CONSTRAINT [FK_PointsOfInterest_Cities_CityId] FOREIGN KEY ([CityId]) REFERENCES [Cities] ([Id]) ON DELETE CASCADE
);
2020-11-05 14:38:59.4700|INFO|Microsoft.EntityFrameworkCore.Database.Command|Executed DbCommand (1ms) [Parameters=[], CommandType='Text', CommandTimeout='30']
CREATE INDEX [IX_PointOfInterestDto_CityId] ON [PointOfInterestDto] ([CityId]);
2020-11-05 14:38:59.4700|INFO|Microsoft.EntityFrameworkCore.Database.Command|Executed DbCommand (1ms) [Parameters=[], CommandType='Text', CommandTimeout='30']
CREATE INDEX [IX_PointsOfInterest_CityId] ON [PointsOfInterest] ([CityId]);
2020-11-05 14:38:59.4700|INFO|Microsoft.EntityFrameworkCore.Database.Command|Executed DbCommand (2ms) [Parameters=[], CommandType='Text', CommandTimeout='30']
INSERT INTO [__EFMigrationsHistory] ([MigrationId], [ProductVersion])
VALUES (N'20201105134655_CityInfoDBInitialMigration', N'2.1.14-servicing-32113');
2020-11-05 14:38:59.4863|INFO|Microsoft.EntityFrameworkCore.Migrations|Applying migration '20201105163705_CityInfoDBAddPoIDescription'.
2020-11-05 14:38:59.4995|INFO|Microsoft.EntityFrameworkCore.Database.Command|Executed DbCommand (2ms) [Parameters=[], CommandType='Text', CommandTimeout='30']
ALTER TABLE [PointsOfInterest] ADD [Description] nvarchar(200) NULL;
2020-11-05 14:38:59.4995|INFO|Microsoft.EntityFrameworkCore.Database.Command|Executed DbCommand (0ms) [Parameters=[], CommandType='Text', CommandTimeout='30']
INSERT INTO [__EFMigrationsHistory] ([MigrationId], [ProductVersion])
VALUES (N'20201105163705_CityInfoDBAddPoIDescription', N'2.1.14-servicing-32113');
2020-11-05 14:38:59.4995|INFO|Microsoft.EntityFrameworkCore.Migrations|Applying migration '20201105165353_CityInfoDBAddPoIDescription2'.
2020-11-05 14:38:59.5163|INFO|Microsoft.EntityFrameworkCore.Database.Command|Executed DbCommand (0ms) [Parameters=[], CommandType='Text', CommandTimeout='30']
INSERT INTO [__EFMigrationsHistory] ([MigrationId], [ProductVersion])
VALUES (N'20201105165353_CityInfoDBAddPoIDescription2', N'2.1.14-servicing-32113');
2020-11-05 14:38:59.6046|INFO|Microsoft.AspNetCore.DataProtection.KeyManagement.XmlKeyManager|User profile is available. Using 'C:\Users\i.albuquerque.soares\AppData\Local\ASP.NET\DataProtection-Keys' as key repository and Windows DPAPI to encrypt keys at rest.
2020-11-05 14:39:11.5117|INFO|Microsoft.AspNetCore.Hosting.Internal.WebHost|Request starting HTTP/1.1 GET http://localhost:1028/  
2020-11-05 14:39:11.5117|INFO|Microsoft.AspNetCore.Hosting.Internal.WebHost|Request starting HTTP/1.1 DEBUG http://localhost:1028/  0
2020-11-05 14:39:11.5754|INFO|Microsoft.AspNetCore.Hosting.Internal.WebHost|Request finished in 63.8993ms 200 
2020-11-05 14:39:11.7662|INFO|Microsoft.AspNetCore.Hosting.Internal.WebHost|Request finished in 259.9369ms 404 text/plain
2020-11-05 14:40:03.7014|INFO|CityInfo.API.Program|Initializing application...
2020-11-05 14:40:46.1038|INFO|CityInfo.API.Program|Initializing application...
2020-11-05 14:40:46.6305|INFO|Microsoft.EntityFrameworkCore.Infrastructure|Entity Framework Core 2.1.14-servicing-32113 initialized 'CityInfoContext' using provider 'Microsoft.EntityFrameworkCore.SqlServer' with options: None
2020-11-05 14:40:47.8969|INFO|Microsoft.EntityFrameworkCore.Database.Command|Executed DbCommand (3ms) [Parameters=[], CommandType='Text', CommandTimeout='60']
IF SERVERPROPERTY('EngineEdition') <> 5
BEGIN
    ALTER DATABASE [CityInfoDB] SET SINGLE_USER WITH ROLLBACK IMMEDIATE;
END;
2020-11-05 14:40:47.9343|INFO|Microsoft.EntityFrameworkCore.Database.Command|Executed DbCommand (35ms) [Parameters=[], CommandType='Text', CommandTimeout='60']
DROP DATABASE [CityInfoDB];
2020-11-05 14:40:58.3178|INFO|Microsoft.EntityFrameworkCore.Database.Command|Executed DbCommand (361ms) [Parameters=[], CommandType='Text', CommandTimeout='60']
CREATE DATABASE [CityInfoDB];
2020-11-05 14:40:58.4168|INFO|Microsoft.EntityFrameworkCore.Database.Command|Executed DbCommand (98ms) [Parameters=[], CommandType='Text', CommandTimeout='60']
IF SERVERPROPERTY('EngineEdition') <> 5
BEGIN
    ALTER DATABASE [CityInfoDB] SET READ_COMMITTED_SNAPSHOT ON;
END;
2020-11-05 14:40:58.4786|INFO|Microsoft.EntityFrameworkCore.Database.Command|Executed DbCommand (12ms) [Parameters=[], CommandType='Text', CommandTimeout='30']
CREATE TABLE [__EFMigrationsHistory] (
    [MigrationId] nvarchar(150) NOT NULL,
    [ProductVersion] nvarchar(32) NOT NULL,
    CONSTRAINT [PK___EFMigrationsHistory] PRIMARY KEY ([MigrationId])
);
2020-11-05 14:40:58.4786|INFO|Microsoft.EntityFrameworkCore.Database.Command|Executed DbCommand (2ms) [Parameters=[], CommandType='Text', CommandTimeout='30']
SELECT OBJECT_ID(N'[__EFMigrationsHistory]');
2020-11-05 14:40:58.4853|INFO|Microsoft.EntityFrameworkCore.Database.Command|Executed DbCommand (1ms) [Parameters=[], CommandType='Text', CommandTimeout='30']
SELECT [MigrationId], [ProductVersion]
FROM [__EFMigrationsHistory]
ORDER BY [MigrationId];
2020-11-05 14:40:58.4853|INFO|Microsoft.EntityFrameworkCore.Migrations|Applying migration '20201105134655_CityInfoDBInitialMigration'.
2020-11-05 14:40:58.5080|INFO|Microsoft.EntityFrameworkCore.Database.Command|Executed DbCommand (2ms) [Parameters=[], CommandType='Text', CommandTimeout='30']
CREATE TABLE [Cities] (
    [Id] int NOT NULL IDENTITY,
    [Name] nvarchar(50) NOT NULL,
    [Description] nvarchar(200) NULL,
    CONSTRAINT [PK_Cities] PRIMARY KEY ([Id])
);
2020-11-05 14:40:58.5080|INFO|Microsoft.EntityFrameworkCore.Database.Command|Executed DbCommand (4ms) [Parameters=[], CommandType='Text', CommandTimeout='30']
CREATE TABLE [PointOfInterestDto] (
    [Id] int NOT NULL IDENTITY,
    [Name] nvarchar(max) NULL,
    [Description] nvarchar(max) NULL,
    [CityId] int NULL,
    CONSTRAINT [PK_PointOfInterestDto] PRIMARY KEY ([Id]),
    CONSTRAINT [FK_PointOfInterestDto_Cities_CityId] FOREIGN KEY ([CityId]) REFERENCES [Cities] ([Id]) ON DELETE NO ACTION
);
2020-11-05 14:40:58.5160|INFO|Microsoft.EntityFrameworkCore.Database.Command|Executed DbCommand (2ms) [Parameters=[], CommandType='Text', CommandTimeout='30']
CREATE TABLE [PointsOfInterest] (
    [Id] int NOT NULL IDENTITY,
    [Name] nvarchar(50) NOT NULL,
    [CityId] int NOT NULL,
    CONSTRAINT [PK_PointsOfInterest] PRIMARY KEY ([Id]),
    CONSTRAINT [FK_PointsOfInterest_Cities_CityId] FOREIGN KEY ([CityId]) REFERENCES [Cities] ([Id]) ON DELETE CASCADE
);
2020-11-05 14:40:58.5160|INFO|Microsoft.EntityFrameworkCore.Database.Command|Executed DbCommand (1ms) [Parameters=[], CommandType='Text', CommandTimeout='30']
CREATE INDEX [IX_PointOfInterestDto_CityId] ON [PointOfInterestDto] ([CityId]);
2020-11-05 14:40:58.5160|INFO|Microsoft.EntityFrameworkCore.Database.Command|Executed DbCommand (1ms) [Parameters=[], CommandType='Text', CommandTimeout='30']
CREATE INDEX [IX_PointsOfInterest_CityId] ON [PointsOfInterest] ([CityId]);
2020-11-05 14:40:58.5160|INFO|Microsoft.EntityFrameworkCore.Database.Command|Executed DbCommand (2ms) [Parameters=[], CommandType='Text', CommandTimeout='30']
INSERT INTO [__EFMigrationsHistory] ([MigrationId], [ProductVersion])
VALUES (N'20201105134655_CityInfoDBInitialMigration', N'2.1.14-servicing-32113');
2020-11-05 14:40:58.5160|INFO|Microsoft.EntityFrameworkCore.Migrations|Applying migration '20201105163705_CityInfoDBAddPoIDescription'.
2020-11-05 14:40:58.5318|INFO|Microsoft.EntityFrameworkCore.Database.Command|Executed DbCommand (2ms) [Parameters=[], CommandType='Text', CommandTimeout='30']
ALTER TABLE [PointsOfInterest] ADD [Description] nvarchar(200) NULL;
2020-11-05 14:40:58.5318|INFO|Microsoft.EntityFrameworkCore.Database.Command|Executed DbCommand (0ms) [Parameters=[], CommandType='Text', CommandTimeout='30']
INSERT INTO [__EFMigrationsHistory] ([MigrationId], [ProductVersion])
VALUES (N'20201105163705_CityInfoDBAddPoIDescription', N'2.1.14-servicing-32113');
2020-11-05 14:40:58.5318|INFO|Microsoft.EntityFrameworkCore.Migrations|Applying migration '20201105165353_CityInfoDBAddPoIDescription2'.
2020-11-05 14:40:58.5318|INFO|Microsoft.EntityFrameworkCore.Database.Command|Executed DbCommand (0ms) [Parameters=[], CommandType='Text', CommandTimeout='30']
INSERT INTO [__EFMigrationsHistory] ([MigrationId], [ProductVersion])
VALUES (N'20201105165353_CityInfoDBAddPoIDescription2', N'2.1.14-servicing-32113');
2020-11-05 14:40:58.5704|INFO|Microsoft.AspNetCore.DataProtection.KeyManagement.XmlKeyManager|User profile is available. Using 'C:\Users\i.albuquerque.soares\AppData\Local\ASP.NET\DataProtection-Keys' as key repository and Windows DPAPI to encrypt keys at rest.
2020-11-05 14:40:58.7905|INFO|Microsoft.AspNetCore.Hosting.Internal.WebHost|Request starting HTTP/1.1 GET http://localhost:1028/  
2020-11-05 14:40:58.8794|INFO|Microsoft.AspNetCore.Hosting.Internal.WebHost|Request finished in 89.0952ms 404 text/plain
2020-11-05 14:58:01.7857|INFO|CityInfo.API.Program|Initializing application...
2020-11-05 14:58:32.7852|INFO|Microsoft.EntityFrameworkCore.Infrastructure|Entity Framework Core 2.1.14-servicing-32113 initialized 'CityInfoContext' using provider 'Microsoft.EntityFrameworkCore.SqlServer' with options: None
2020-11-05 14:58:34.1415|INFO|Microsoft.EntityFrameworkCore.Database.Command|Executed DbCommand (3ms) [Parameters=[], CommandType='Text', CommandTimeout='60']
IF SERVERPROPERTY('EngineEdition') <> 5
BEGIN
    ALTER DATABASE [CityInfoDB] SET SINGLE_USER WITH ROLLBACK IMMEDIATE;
END;
2020-11-05 14:58:34.1880|INFO|Microsoft.EntityFrameworkCore.Database.Command|Executed DbCommand (42ms) [Parameters=[], CommandType='Text', CommandTimeout='60']
DROP DATABASE [CityInfoDB];
2020-11-05 14:58:45.0066|INFO|Microsoft.EntityFrameworkCore.Database.Command|Executed DbCommand (353ms) [Parameters=[], CommandType='Text', CommandTimeout='60']
CREATE DATABASE [CityInfoDB];
2020-11-05 14:58:45.1047|INFO|Microsoft.EntityFrameworkCore.Database.Command|Executed DbCommand (95ms) [Parameters=[], CommandType='Text', CommandTimeout='60']
IF SERVERPROPERTY('EngineEdition') <> 5
BEGIN
    ALTER DATABASE [CityInfoDB] SET READ_COMMITTED_SNAPSHOT ON;
END;
2020-11-05 14:58:45.1741|INFO|Microsoft.EntityFrameworkCore.Database.Command|Executed DbCommand (10ms) [Parameters=[], CommandType='Text', CommandTimeout='30']
CREATE TABLE [__EFMigrationsHistory] (
    [MigrationId] nvarchar(150) NOT NULL,
    [ProductVersion] nvarchar(32) NOT NULL,
    CONSTRAINT [PK___EFMigrationsHistory] PRIMARY KEY ([MigrationId])
);
2020-11-05 14:58:45.1741|INFO|Microsoft.EntityFrameworkCore.Database.Command|Executed DbCommand (3ms) [Parameters=[], CommandType='Text', CommandTimeout='30']
SELECT OBJECT_ID(N'[__EFMigrationsHistory]');
2020-11-05 14:58:45.1897|INFO|Microsoft.EntityFrameworkCore.Database.Command|Executed DbCommand (1ms) [Parameters=[], CommandType='Text', CommandTimeout='30']
SELECT [MigrationId], [ProductVersion]
FROM [__EFMigrationsHistory]
ORDER BY [MigrationId];
2020-11-05 14:58:45.1897|INFO|Microsoft.EntityFrameworkCore.Migrations|Applying migration '20201105134655_CityInfoDBInitialMigration'.
2020-11-05 14:58:45.2171|INFO|Microsoft.EntityFrameworkCore.Database.Command|Executed DbCommand (2ms) [Parameters=[], CommandType='Text', CommandTimeout='30']
CREATE TABLE [Cities] (
    [Id] int NOT NULL IDENTITY,
    [Name] nvarchar(50) NOT NULL,
    [Description] nvarchar(200) NULL,
    CONSTRAINT [PK_Cities] PRIMARY KEY ([Id])
);
2020-11-05 14:58:45.2226|INFO|Microsoft.EntityFrameworkCore.Database.Command|Executed DbCommand (2ms) [Parameters=[], CommandType='Text', CommandTimeout='30']
CREATE TABLE [PointOfInterestDto] (
    [Id] int NOT NULL IDENTITY,
    [Name] nvarchar(max) NULL,
    [Description] nvarchar(max) NULL,
    [CityId] int NULL,
    CONSTRAINT [PK_PointOfInterestDto] PRIMARY KEY ([Id]),
    CONSTRAINT [FK_PointOfInterestDto_Cities_CityId] FOREIGN KEY ([CityId]) REFERENCES [Cities] ([Id]) ON DELETE NO ACTION
);
2020-11-05 14:58:45.2226|INFO|Microsoft.EntityFrameworkCore.Database.Command|Executed DbCommand (2ms) [Parameters=[], CommandType='Text', CommandTimeout='30']
CREATE TABLE [PointsOfInterest] (
    [Id] int NOT NULL IDENTITY,
    [Name] nvarchar(50) NOT NULL,
    [CityId] int NOT NULL,
    CONSTRAINT [PK_PointsOfInterest] PRIMARY KEY ([Id]),
    CONSTRAINT [FK_PointsOfInterest_Cities_CityId] FOREIGN KEY ([CityId]) REFERENCES [Cities] ([Id]) ON DELETE CASCADE
);
2020-11-05 14:58:45.2226|INFO|Microsoft.EntityFrameworkCore.Database.Command|Executed DbCommand (1ms) [Parameters=[], CommandType='Text', CommandTimeout='30']
CREATE INDEX [IX_PointOfInterestDto_CityId] ON [PointOfInterestDto] ([CityId]);
2020-11-05 14:58:45.2342|INFO|Microsoft.EntityFrameworkCore.Database.Command|Executed DbCommand (1ms) [Parameters=[], CommandType='Text', CommandTimeout='30']
CREATE INDEX [IX_PointsOfInterest_CityId] ON [PointsOfInterest] ([CityId]);
2020-11-05 14:58:45.2342|INFO|Microsoft.EntityFrameworkCore.Database.Command|Executed DbCommand (2ms) [Parameters=[], CommandType='Text', CommandTimeout='30']
INSERT INTO [__EFMigrationsHistory] ([MigrationId], [ProductVersion])
VALUES (N'20201105134655_CityInfoDBInitialMigration', N'2.1.14-servicing-32113');
2020-11-05 14:58:45.2342|INFO|Microsoft.EntityFrameworkCore.Migrations|Applying migration '20201105163705_CityInfoDBAddPoIDescription'.
2020-11-05 14:58:45.2506|INFO|Microsoft.EntityFrameworkCore.Database.Command|Executed DbCommand (2ms) [Parameters=[], CommandType='Text', CommandTimeout='30']
ALTER TABLE [PointsOfInterest] ADD [Description] nvarchar(200) NULL;
2020-11-05 14:58:45.2506|INFO|Microsoft.EntityFrameworkCore.Database.Command|Executed DbCommand (0ms) [Parameters=[], CommandType='Text', CommandTimeout='30']
INSERT INTO [__EFMigrationsHistory] ([MigrationId], [ProductVersion])
VALUES (N'20201105163705_CityInfoDBAddPoIDescription', N'2.1.14-servicing-32113');
2020-11-05 14:58:45.2506|INFO|Microsoft.EntityFrameworkCore.Migrations|Applying migration '20201105165353_CityInfoDBAddPoIDescription2'.
2020-11-05 14:58:45.2506|INFO|Microsoft.EntityFrameworkCore.Database.Command|Executed DbCommand (0ms) [Parameters=[], CommandType='Text', CommandTimeout='30']
INSERT INTO [__EFMigrationsHistory] ([MigrationId], [ProductVersion])
VALUES (N'20201105165353_CityInfoDBAddPoIDescription2', N'2.1.14-servicing-32113');
2020-11-05 14:58:45.3407|INFO|Microsoft.AspNetCore.DataProtection.KeyManagement.XmlKeyManager|User profile is available. Using 'C:\Users\i.albuquerque.soares\AppData\Local\ASP.NET\DataProtection-Keys' as key repository and Windows DPAPI to encrypt keys at rest.
2020-11-05 14:58:45.6212|FATAL|Microsoft.AspNetCore.Hosting.Internal.WebHost|Application startup exception
2020-11-05 14:58:45.8413|INFO|Microsoft.AspNetCore.Hosting.Internal.WebHost|Request starting HTTP/1.1 DEBUG http://localhost:1028/  0
2020-11-05 14:58:45.8413|INFO|Microsoft.AspNetCore.Hosting.Internal.WebHost|Request starting HTTP/1.1 GET http://localhost:1028/  
2020-11-05 14:58:45.9376|ERROR|Microsoft.AspNetCore.Server.Kestrel|Connection id "0HM41MHOAKJ63", Request id "0HM41MHOAKJ63:00000001": An unhandled exception was thrown by the application.
2020-11-05 14:58:45.9376|INFO|Microsoft.AspNetCore.Hosting.Internal.WebHost|Request finished in 101.4828ms 500 
2020-11-05 14:58:45.9376|INFO|Microsoft.AspNetCore.Hosting.Internal.WebHost|Request finished in 106.9152ms 500 text/html; charset=utf-8
2020-11-05 15:26:19.2740|INFO|CityInfo.API.Program|Initializing application...
2020-11-05 15:26:27.7145|INFO|Microsoft.EntityFrameworkCore.Infrastructure|Entity Framework Core 2.1.14-servicing-32113 initialized 'CityInfoContext' using provider 'Microsoft.EntityFrameworkCore.SqlServer' with options: None
2020-11-05 15:26:29.1353|INFO|Microsoft.EntityFrameworkCore.Database.Command|Executed DbCommand (83ms) [Parameters=[], CommandType='Text', CommandTimeout='60']
IF SERVERPROPERTY('EngineEdition') <> 5
BEGIN
    ALTER DATABASE [CityInfoDB] SET SINGLE_USER WITH ROLLBACK IMMEDIATE;
END;
2020-11-05 15:26:29.1825|INFO|Microsoft.EntityFrameworkCore.Database.Command|Executed DbCommand (43ms) [Parameters=[], CommandType='Text', CommandTimeout='60']
DROP DATABASE [CityInfoDB];
2020-11-05 15:26:39.9874|INFO|Microsoft.EntityFrameworkCore.Database.Command|Executed DbCommand (284ms) [Parameters=[], CommandType='Text', CommandTimeout='60']
CREATE DATABASE [CityInfoDB];
2020-11-05 15:26:40.0752|INFO|Microsoft.EntityFrameworkCore.Database.Command|Executed DbCommand (84ms) [Parameters=[], CommandType='Text', CommandTimeout='60']
IF SERVERPROPERTY('EngineEdition') <> 5
BEGIN
    ALTER DATABASE [CityInfoDB] SET READ_COMMITTED_SNAPSHOT ON;
END;
2020-11-05 15:26:40.1299|INFO|Microsoft.EntityFrameworkCore.Database.Command|Executed DbCommand (10ms) [Parameters=[], CommandType='Text', CommandTimeout='30']
CREATE TABLE [__EFMigrationsHistory] (
    [MigrationId] nvarchar(150) NOT NULL,
    [ProductVersion] nvarchar(32) NOT NULL,
    CONSTRAINT [PK___EFMigrationsHistory] PRIMARY KEY ([MigrationId])
);
2020-11-05 15:26:40.1299|INFO|Microsoft.EntityFrameworkCore.Database.Command|Executed DbCommand (3ms) [Parameters=[], CommandType='Text', CommandTimeout='30']
SELECT OBJECT_ID(N'[__EFMigrationsHistory]');
2020-11-05 15:26:40.1480|INFO|Microsoft.EntityFrameworkCore.Database.Command|Executed DbCommand (1ms) [Parameters=[], CommandType='Text', CommandTimeout='30']
SELECT [MigrationId], [ProductVersion]
FROM [__EFMigrationsHistory]
ORDER BY [MigrationId];
2020-11-05 15:26:40.1614|INFO|Microsoft.EntityFrameworkCore.Migrations|Applying migration '20201105134655_CityInfoDBInitialMigration'.
2020-11-05 15:26:40.2057|INFO|Microsoft.EntityFrameworkCore.Database.Command|Executed DbCommand (2ms) [Parameters=[], CommandType='Text', CommandTimeout='30']
CREATE TABLE [Cities] (
    [Id] int NOT NULL IDENTITY,
    [Name] nvarchar(50) NOT NULL,
    [Description] nvarchar(200) NULL,
    CONSTRAINT [PK_Cities] PRIMARY KEY ([Id])
);
2020-11-05 15:26:40.2255|INFO|Microsoft.EntityFrameworkCore.Database.Command|Executed DbCommand (6ms) [Parameters=[], CommandType='Text', CommandTimeout='30']
CREATE TABLE [PointOfInterestDto] (
    [Id] int NOT NULL IDENTITY,
    [Name] nvarchar(max) NULL,
    [Description] nvarchar(max) NULL,
    [CityId] int NULL,
    CONSTRAINT [PK_PointOfInterestDto] PRIMARY KEY ([Id]),
    CONSTRAINT [FK_PointOfInterestDto_Cities_CityId] FOREIGN KEY ([CityId]) REFERENCES [Cities] ([Id]) ON DELETE NO ACTION
);
2020-11-05 15:26:40.2340|INFO|Microsoft.EntityFrameworkCore.Database.Command|Executed DbCommand (3ms) [Parameters=[], CommandType='Text', CommandTimeout='30']
CREATE TABLE [PointsOfInterest] (
    [Id] int NOT NULL IDENTITY,
    [Name] nvarchar(50) NOT NULL,
    [CityId] int NOT NULL,
    CONSTRAINT [PK_PointsOfInterest] PRIMARY KEY ([Id]),
    CONSTRAINT [FK_PointsOfInterest_Cities_CityId] FOREIGN KEY ([CityId]) REFERENCES [Cities] ([Id]) ON DELETE CASCADE
);
2020-11-05 15:26:40.2340|INFO|Microsoft.EntityFrameworkCore.Database.Command|Executed DbCommand (3ms) [Parameters=[], CommandType='Text', CommandTimeout='30']
CREATE INDEX [IX_PointOfInterestDto_CityId] ON [PointOfInterestDto] ([CityId]);
2020-11-05 15:26:40.2340|INFO|Microsoft.EntityFrameworkCore.Database.Command|Executed DbCommand (1ms) [Parameters=[], CommandType='Text', CommandTimeout='30']
CREATE INDEX [IX_PointsOfInterest_CityId] ON [PointsOfInterest] ([CityId]);
2020-11-05 15:26:40.2522|INFO|Microsoft.EntityFrameworkCore.Database.Command|Executed DbCommand (2ms) [Parameters=[], CommandType='Text', CommandTimeout='30']
INSERT INTO [__EFMigrationsHistory] ([MigrationId], [ProductVersion])
VALUES (N'20201105134655_CityInfoDBInitialMigration', N'2.1.14-servicing-32113');
2020-11-05 15:26:40.2522|INFO|Microsoft.EntityFrameworkCore.Migrations|Applying migration '20201105163705_CityInfoDBAddPoIDescription'.
2020-11-05 15:26:40.2673|INFO|Microsoft.EntityFrameworkCore.Database.Command|Executed DbCommand (1ms) [Parameters=[], CommandType='Text', CommandTimeout='30']
ALTER TABLE [PointsOfInterest] ADD [Description] nvarchar(200) NULL;
2020-11-05 15:26:40.2673|INFO|Microsoft.EntityFrameworkCore.Database.Command|Executed DbCommand (0ms) [Parameters=[], CommandType='Text', CommandTimeout='30']
INSERT INTO [__EFMigrationsHistory] ([MigrationId], [ProductVersion])
VALUES (N'20201105163705_CityInfoDBAddPoIDescription', N'2.1.14-servicing-32113');
2020-11-05 15:26:40.2673|INFO|Microsoft.EntityFrameworkCore.Migrations|Applying migration '20201105165353_CityInfoDBAddPoIDescription2'.
2020-11-05 15:26:40.2836|INFO|Microsoft.EntityFrameworkCore.Database.Command|Executed DbCommand (0ms) [Parameters=[], CommandType='Text', CommandTimeout='30']
INSERT INTO [__EFMigrationsHistory] ([MigrationId], [ProductVersion])
VALUES (N'20201105165353_CityInfoDBAddPoIDescription2', N'2.1.14-servicing-32113');
2020-11-05 15:26:40.3548|INFO|Microsoft.AspNetCore.DataProtection.KeyManagement.XmlKeyManager|User profile is available. Using 'C:\Users\i.albuquerque.soares\AppData\Local\ASP.NET\DataProtection-Keys' as key repository and Windows DPAPI to encrypt keys at rest.
2020-11-05 15:26:40.6391|FATAL|Microsoft.AspNetCore.Hosting.Internal.WebHost|Application startup exception
2020-11-05 15:26:40.9091|INFO|Microsoft.AspNetCore.Hosting.Internal.WebHost|Request starting HTTP/1.1 DEBUG http://localhost:1028/  0
2020-11-05 15:26:40.9091|INFO|Microsoft.AspNetCore.Hosting.Internal.WebHost|Request starting HTTP/1.1 GET http://localhost:1028/  
2020-11-05 15:26:40.9579|INFO|Microsoft.AspNetCore.Hosting.Internal.WebHost|Request finished in 25.0274ms 500 
2020-11-05 15:26:40.9838|ERROR|Microsoft.AspNetCore.Server.Kestrel|Connection id "0HM41N1BHEFT0", Request id "0HM41N1BHEFT0:00000001": An unhandled exception was thrown by the application.
2020-11-05 15:26:40.9838|INFO|Microsoft.AspNetCore.Hosting.Internal.WebHost|Request finished in 84.0122ms 500 
2020-11-05 15:27:02.7161|INFO|CityInfo.API.Program|Initializing application...
2020-11-05 15:27:07.2034|INFO|Microsoft.EntityFrameworkCore.Infrastructure|Entity Framework Core 2.1.14-servicing-32113 initialized 'CityInfoContext' using provider 'Microsoft.EntityFrameworkCore.SqlServer' with options: None
2020-11-05 15:27:08.5171|INFO|Microsoft.EntityFrameworkCore.Database.Command|Executed DbCommand (3ms) [Parameters=[], CommandType='Text', CommandTimeout='60']
IF SERVERPROPERTY('EngineEdition') <> 5
BEGIN
    ALTER DATABASE [CityInfoDB] SET SINGLE_USER WITH ROLLBACK IMMEDIATE;
END;
2020-11-05 15:27:08.5662|INFO|Microsoft.EntityFrameworkCore.Database.Command|Executed DbCommand (44ms) [Parameters=[], CommandType='Text', CommandTimeout='60']
DROP DATABASE [CityInfoDB];
2020-11-05 15:27:19.3349|INFO|Microsoft.EntityFrameworkCore.Database.Command|Executed DbCommand (302ms) [Parameters=[], CommandType='Text', CommandTimeout='60']
CREATE DATABASE [CityInfoDB];
2020-11-05 15:27:19.4396|INFO|Microsoft.EntityFrameworkCore.Database.Command|Executed DbCommand (102ms) [Parameters=[], CommandType='Text', CommandTimeout='60']
IF SERVERPROPERTY('EngineEdition') <> 5
BEGIN
    ALTER DATABASE [CityInfoDB] SET READ_COMMITTED_SNAPSHOT ON;
END;
2020-11-05 15:27:19.4984|INFO|Microsoft.EntityFrameworkCore.Database.Command|Executed DbCommand (10ms) [Parameters=[], CommandType='Text', CommandTimeout='30']
CREATE TABLE [__EFMigrationsHistory] (
    [MigrationId] nvarchar(150) NOT NULL,
    [ProductVersion] nvarchar(32) NOT NULL,
    CONSTRAINT [PK___EFMigrationsHistory] PRIMARY KEY ([MigrationId])
);
2020-11-05 15:27:19.5050|INFO|Microsoft.EntityFrameworkCore.Database.Command|Executed DbCommand (3ms) [Parameters=[], CommandType='Text', CommandTimeout='30']
SELECT OBJECT_ID(N'[__EFMigrationsHistory]');
2020-11-05 15:27:19.5050|INFO|Microsoft.EntityFrameworkCore.Database.Command|Executed DbCommand (1ms) [Parameters=[], CommandType='Text', CommandTimeout='30']
SELECT [MigrationId], [ProductVersion]
FROM [__EFMigrationsHistory]
ORDER BY [MigrationId];
2020-11-05 15:27:19.5185|INFO|Microsoft.EntityFrameworkCore.Migrations|Applying migration '20201105134655_CityInfoDBInitialMigration'.
2020-11-05 15:27:19.5374|INFO|Microsoft.EntityFrameworkCore.Database.Command|Executed DbCommand (2ms) [Parameters=[], CommandType='Text', CommandTimeout='30']
CREATE TABLE [Cities] (
    [Id] int NOT NULL IDENTITY,
    [Name] nvarchar(50) NOT NULL,
    [Description] nvarchar(200) NULL,
    CONSTRAINT [PK_Cities] PRIMARY KEY ([Id])
);
2020-11-05 15:27:19.5374|INFO|Microsoft.EntityFrameworkCore.Database.Command|Executed DbCommand (3ms) [Parameters=[], CommandType='Text', CommandTimeout='30']
CREATE TABLE [PointOfInterestDto] (
    [Id] int NOT NULL IDENTITY,
    [Name] nvarchar(max) NULL,
    [Description] nvarchar(max) NULL,
    [CityId] int NULL,
    CONSTRAINT [PK_PointOfInterestDto] PRIMARY KEY ([Id]),
    CONSTRAINT [FK_PointOfInterestDto_Cities_CityId] FOREIGN KEY ([CityId]) REFERENCES [Cities] ([Id]) ON DELETE NO ACTION
);
2020-11-05 15:27:19.5479|INFO|Microsoft.EntityFrameworkCore.Database.Command|Executed DbCommand (2ms) [Parameters=[], CommandType='Text', CommandTimeout='30']
CREATE TABLE [PointsOfInterest] (
    [Id] int NOT NULL IDENTITY,
    [Name] nvarchar(50) NOT NULL,
    [CityId] int NOT NULL,
    CONSTRAINT [PK_PointsOfInterest] PRIMARY KEY ([Id]),
    CONSTRAINT [FK_PointsOfInterest_Cities_CityId] FOREIGN KEY ([CityId]) REFERENCES [Cities] ([Id]) ON DELETE CASCADE
);
2020-11-05 15:27:19.5479|INFO|Microsoft.EntityFrameworkCore.Database.Command|Executed DbCommand (1ms) [Parameters=[], CommandType='Text', CommandTimeout='30']
CREATE INDEX [IX_PointOfInterestDto_CityId] ON [PointOfInterestDto] ([CityId]);
2020-11-05 15:27:19.5479|INFO|Microsoft.EntityFrameworkCore.Database.Command|Executed DbCommand (1ms) [Parameters=[], CommandType='Text', CommandTimeout='30']
CREATE INDEX [IX_PointsOfInterest_CityId] ON [PointsOfInterest] ([CityId]);
2020-11-05 15:27:19.5479|INFO|Microsoft.EntityFrameworkCore.Database.Command|Executed DbCommand (2ms) [Parameters=[], CommandType='Text', CommandTimeout='30']
INSERT INTO [__EFMigrationsHistory] ([MigrationId], [ProductVersion])
VALUES (N'20201105134655_CityInfoDBInitialMigration', N'2.1.14-servicing-32113');
2020-11-05 15:27:19.5646|INFO|Microsoft.EntityFrameworkCore.Migrations|Applying migration '20201105163705_CityInfoDBAddPoIDescription'.
2020-11-05 15:27:19.5646|INFO|Microsoft.EntityFrameworkCore.Database.Command|Executed DbCommand (2ms) [Parameters=[], CommandType='Text', CommandTimeout='30']
ALTER TABLE [PointsOfInterest] ADD [Description] nvarchar(200) NULL;
2020-11-05 15:27:19.5781|INFO|Microsoft.EntityFrameworkCore.Database.Command|Executed DbCommand (0ms) [Parameters=[], CommandType='Text', CommandTimeout='30']
INSERT INTO [__EFMigrationsHistory] ([MigrationId], [ProductVersion])
VALUES (N'20201105163705_CityInfoDBAddPoIDescription', N'2.1.14-servicing-32113');
2020-11-05 15:27:19.5781|INFO|Microsoft.EntityFrameworkCore.Migrations|Applying migration '20201105165353_CityInfoDBAddPoIDescription2'.
2020-11-05 15:27:19.5781|INFO|Microsoft.EntityFrameworkCore.Database.Command|Executed DbCommand (0ms) [Parameters=[], CommandType='Text', CommandTimeout='30']
INSERT INTO [__EFMigrationsHistory] ([MigrationId], [ProductVersion])
VALUES (N'20201105165353_CityInfoDBAddPoIDescription2', N'2.1.14-servicing-32113');
2020-11-05 15:27:19.6687|INFO|Microsoft.AspNetCore.DataProtection.KeyManagement.XmlKeyManager|User profile is available. Using 'C:\Users\i.albuquerque.soares\AppData\Local\ASP.NET\DataProtection-Keys' as key repository and Windows DPAPI to encrypt keys at rest.
2020-11-05 15:27:20.0228|INFO|Microsoft.AspNetCore.Hosting.Internal.WebHost|Request starting HTTP/1.1 DEBUG http://localhost:1028/  0
2020-11-05 15:27:20.0228|INFO|Microsoft.AspNetCore.Hosting.Internal.WebHost|Request starting HTTP/1.1 GET http://localhost:1028/  
2020-11-05 15:27:20.0757|INFO|Microsoft.AspNetCore.Hosting.Internal.WebHost|Request finished in 53.1258ms 200 
2020-11-05 15:27:20.2802|INFO|Microsoft.AspNetCore.Hosting.Internal.WebHost|Request finished in 256.3531ms 404 text/plain
2020-11-05 15:48:06.0060|INFO|Microsoft.EntityFrameworkCore.Infrastructure|Entity Framework Core 2.1.14-servicing-32113 initialized 'CityInfoContext' using provider 'Microsoft.EntityFrameworkCore.SqlServer' with options: None
2020-11-05 15:48:45.2943|INFO|CityInfo.API.Program|Initializing application...
2020-11-05 15:48:46.8536|INFO|Microsoft.EntityFrameworkCore.Infrastructure|Entity Framework Core 2.1.14-servicing-32113 initialized 'CityInfoContext' using provider 'Microsoft.EntityFrameworkCore.SqlServer' with options: None
2020-11-05 15:48:48.4167|INFO|Microsoft.EntityFrameworkCore.Database.Command|Executed DbCommand (87ms) [Parameters=[], CommandType='Text', CommandTimeout='60']
IF SERVERPROPERTY('EngineEdition') <> 5
BEGIN
    ALTER DATABASE [CityInfoDB] SET SINGLE_USER WITH ROLLBACK IMMEDIATE;
END;
2020-11-05 15:48:48.4644|INFO|Microsoft.EntityFrameworkCore.Database.Command|Executed DbCommand (43ms) [Parameters=[], CommandType='Text', CommandTimeout='60']
DROP DATABASE [CityInfoDB];
2020-11-05 15:48:59.3931|INFO|Microsoft.EntityFrameworkCore.Database.Command|Executed DbCommand (373ms) [Parameters=[], CommandType='Text', CommandTimeout='60']
CREATE DATABASE [CityInfoDB];
2020-11-05 15:48:59.5063|INFO|Microsoft.EntityFrameworkCore.Database.Command|Executed DbCommand (108ms) [Parameters=[], CommandType='Text', CommandTimeout='60']
IF SERVERPROPERTY('EngineEdition') <> 5
BEGIN
    ALTER DATABASE [CityInfoDB] SET READ_COMMITTED_SNAPSHOT ON;
END;
2020-11-05 15:48:59.5632|INFO|Microsoft.EntityFrameworkCore.Database.Command|Executed DbCommand (7ms) [Parameters=[], CommandType='Text', CommandTimeout='30']
CREATE TABLE [__EFMigrationsHistory] (
    [MigrationId] nvarchar(150) NOT NULL,
    [ProductVersion] nvarchar(32) NOT NULL,
    CONSTRAINT [PK___EFMigrationsHistory] PRIMARY KEY ([MigrationId])
);
2020-11-05 15:48:59.5632|INFO|Microsoft.EntityFrameworkCore.Database.Command|Executed DbCommand (2ms) [Parameters=[], CommandType='Text', CommandTimeout='30']
SELECT OBJECT_ID(N'[__EFMigrationsHistory]');
2020-11-05 15:48:59.5632|INFO|Microsoft.EntityFrameworkCore.Database.Command|Executed DbCommand (1ms) [Parameters=[], CommandType='Text', CommandTimeout='30']
SELECT [MigrationId], [ProductVersion]
FROM [__EFMigrationsHistory]
ORDER BY [MigrationId];
2020-11-05 15:48:59.5814|INFO|Microsoft.EntityFrameworkCore.Migrations|Applying migration '20201105134655_CityInfoDBInitialMigration'.
2020-11-05 15:48:59.5993|INFO|Microsoft.EntityFrameworkCore.Database.Command|Executed DbCommand (2ms) [Parameters=[], CommandType='Text', CommandTimeout='30']
CREATE TABLE [Cities] (
    [Id] int NOT NULL IDENTITY,
    [Name] nvarchar(50) NOT NULL,
    [Description] nvarchar(200) NULL,
    CONSTRAINT [PK_Cities] PRIMARY KEY ([Id])
);
2020-11-05 15:48:59.5993|INFO|Microsoft.EntityFrameworkCore.Database.Command|Executed DbCommand (2ms) [Parameters=[], CommandType='Text', CommandTimeout='30']
CREATE TABLE [PointOfInterestDto] (
    [Id] int NOT NULL IDENTITY,
    [Name] nvarchar(max) NULL,
    [Description] nvarchar(max) NULL,
    [CityId] int NULL,
    CONSTRAINT [PK_PointOfInterestDto] PRIMARY KEY ([Id]),
    CONSTRAINT [FK_PointOfInterestDto_Cities_CityId] FOREIGN KEY ([CityId]) REFERENCES [Cities] ([Id]) ON DELETE NO ACTION
);
2020-11-05 15:48:59.6096|INFO|Microsoft.EntityFrameworkCore.Database.Command|Executed DbCommand (2ms) [Parameters=[], CommandType='Text', CommandTimeout='30']
CREATE TABLE [PointsOfInterest] (
    [Id] int NOT NULL IDENTITY,
    [Name] nvarchar(50) NOT NULL,
    [CityId] int NOT NULL,
    CONSTRAINT [PK_PointsOfInterest] PRIMARY KEY ([Id]),
    CONSTRAINT [FK_PointsOfInterest_Cities_CityId] FOREIGN KEY ([CityId]) REFERENCES [Cities] ([Id]) ON DELETE CASCADE
);
2020-11-05 15:48:59.6096|INFO|Microsoft.EntityFrameworkCore.Database.Command|Executed DbCommand (1ms) [Parameters=[], CommandType='Text', CommandTimeout='30']
CREATE INDEX [IX_PointOfInterestDto_CityId] ON [PointOfInterestDto] ([CityId]);
2020-11-05 15:48:59.6096|INFO|Microsoft.EntityFrameworkCore.Database.Command|Executed DbCommand (1ms) [Parameters=[], CommandType='Text', CommandTimeout='30']
CREATE INDEX [IX_PointsOfInterest_CityId] ON [PointsOfInterest] ([CityId]);
2020-11-05 15:48:59.6096|INFO|Microsoft.EntityFrameworkCore.Database.Command|Executed DbCommand (2ms) [Parameters=[], CommandType='Text', CommandTimeout='30']
INSERT INTO [__EFMigrationsHistory] ([MigrationId], [ProductVersion])
VALUES (N'20201105134655_CityInfoDBInitialMigration', N'2.1.14-servicing-32113');
2020-11-05 15:48:59.6259|INFO|Microsoft.EntityFrameworkCore.Migrations|Applying migration '20201105163705_CityInfoDBAddPoIDescription'.
2020-11-05 15:48:59.6259|INFO|Microsoft.EntityFrameworkCore.Database.Command|Executed DbCommand (2ms) [Parameters=[], CommandType='Text', CommandTimeout='30']
ALTER TABLE [PointsOfInterest] ADD [Description] nvarchar(200) NULL;
2020-11-05 15:48:59.6259|INFO|Microsoft.EntityFrameworkCore.Database.Command|Executed DbCommand (0ms) [Parameters=[], CommandType='Text', CommandTimeout='30']
INSERT INTO [__EFMigrationsHistory] ([MigrationId], [ProductVersion])
VALUES (N'20201105163705_CityInfoDBAddPoIDescription', N'2.1.14-servicing-32113');
2020-11-05 15:48:59.6405|INFO|Microsoft.EntityFrameworkCore.Migrations|Applying migration '20201105165353_CityInfoDBAddPoIDescription2'.
2020-11-05 15:48:59.6405|INFO|Microsoft.EntityFrameworkCore.Database.Command|Executed DbCommand (0ms) [Parameters=[], CommandType='Text', CommandTimeout='30']
INSERT INTO [__EFMigrationsHistory] ([MigrationId], [ProductVersion])
VALUES (N'20201105165353_CityInfoDBAddPoIDescription2', N'2.1.14-servicing-32113');
2020-11-05 15:48:59.6405|INFO|Microsoft.EntityFrameworkCore.Migrations|Applying migration '20201105184806_SampleData'.
2020-11-05 15:48:59.7315|INFO|Microsoft.EntityFrameworkCore.Database.Command|Executed DbCommand (66ms) [Parameters=[], CommandType='Text', CommandTimeout='30']
IF EXISTS (SELECT * FROM [sys].[identity_columns] WHERE [name] IN (N'Id', N'Description', N'Name') AND [object_id] = OBJECT_ID(N'[Cities]'))
    SET IDENTITY_INSERT [Cities] ON;
INSERT INTO [Cities] ([Id], [Description], [Name])
VALUES (1, N'The one with that big park.', N'New York City');
IF EXISTS (SELECT * FROM [sys].[identity_columns] WHERE [name] IN (N'Id', N'Description', N'Name') AND [object_id] = OBJECT_ID(N'[Cities]'))
    SET IDENTITY_INSERT [Cities] OFF;
2020-11-05 15:48:59.7479|INFO|Microsoft.EntityFrameworkCore.Database.Command|Executed DbCommand (12ms) [Parameters=[], CommandType='Text', CommandTimeout='30']
IF EXISTS (SELECT * FROM [sys].[identity_columns] WHERE [name] IN (N'Id', N'Description', N'Name') AND [object_id] = OBJECT_ID(N'[Cities]'))
    SET IDENTITY_INSERT [Cities] ON;
INSERT INTO [Cities] ([Id], [Description], [Name])
VALUES (2, N'The one with the cathedral that was never really finished.', N'Antwerp');
IF EXISTS (SELECT * FROM [sys].[identity_columns] WHERE [name] IN (N'Id', N'Description', N'Name') AND [object_id] = OBJECT_ID(N'[Cities]'))
    SET IDENTITY_INSERT [Cities] OFF;
2020-11-05 15:48:59.7596|INFO|Microsoft.EntityFrameworkCore.Database.Command|Executed DbCommand (8ms) [Parameters=[], CommandType='Text', CommandTimeout='30']
IF EXISTS (SELECT * FROM [sys].[identity_columns] WHERE [name] IN (N'Id', N'Description', N'Name') AND [object_id] = OBJECT_ID(N'[Cities]'))
    SET IDENTITY_INSERT [Cities] ON;
INSERT INTO [Cities] ([Id], [Description], [Name])
VALUES (3, N'The one with that big tower.', N'Paris');
IF EXISTS (SELECT * FROM [sys].[identity_columns] WHERE [name] IN (N'Id', N'Description', N'Name') AND [object_id] = OBJECT_ID(N'[Cities]'))
    SET IDENTITY_INSERT [Cities] OFF;
2020-11-05 15:48:59.7783|INFO|Microsoft.EntityFrameworkCore.Database.Command|Executed DbCommand (15ms) [Parameters=[], CommandType='Text', CommandTimeout='30']
IF EXISTS (SELECT * FROM [sys].[identity_columns] WHERE [name] IN (N'Id', N'CityId', N'Description', N'Name') AND [object_id] = OBJECT_ID(N'[PointsOfInterest]'))
    SET IDENTITY_INSERT [PointsOfInterest] ON;
INSERT INTO [PointsOfInterest] ([Id], [CityId], [Description], [Name])
VALUES (1, 1, N'The most visited urban park!', N'Central Park'),
(2, 1, N'A 102-story skyscraper.', N'Empire State Building'),
(3, 2, N'A Gothic style cathedral', N'Cathedral of Our Lady'),
(4, 2, N'The finest example of railway architecture in Belgium.', N'Antwerp Central Station'),
(5, 3, N'A wrought iron latticec tower on the Champ de Mars', N'Eiffel Tower'),
(6, 3, N'The world''s largest museum.', N'The Louvre');
IF EXISTS (SELECT * FROM [sys].[identity_columns] WHERE [name] IN (N'Id', N'CityId', N'Description', N'Name') AND [object_id] = OBJECT_ID(N'[PointsOfInterest]'))
    SET IDENTITY_INSERT [PointsOfInterest] OFF;
2020-11-05 15:48:59.7830|INFO|Microsoft.EntityFrameworkCore.Database.Command|Executed DbCommand (0ms) [Parameters=[], CommandType='Text', CommandTimeout='30']
INSERT INTO [__EFMigrationsHistory] ([MigrationId], [ProductVersion])
VALUES (N'20201105184806_SampleData', N'2.1.14-servicing-32113');
2020-11-05 15:48:59.8680|INFO|Microsoft.AspNetCore.DataProtection.KeyManagement.XmlKeyManager|User profile is available. Using 'C:\Users\i.albuquerque.soares\AppData\Local\ASP.NET\DataProtection-Keys' as key repository and Windows DPAPI to encrypt keys at rest.
2020-11-05 15:49:00.4492|INFO|Microsoft.AspNetCore.Hosting.Internal.WebHost|Request starting HTTP/1.1 DEBUG http://localhost:1028/  0
2020-11-05 15:49:00.4492|INFO|Microsoft.AspNetCore.Hosting.Internal.WebHost|Request starting HTTP/1.1 GET http://localhost:1028/  
2020-11-05 15:49:00.5222|INFO|Microsoft.AspNetCore.Hosting.Internal.WebHost|Request finished in 47.8938ms 200 
2020-11-05 15:49:00.6631|INFO|Microsoft.AspNetCore.Hosting.Internal.WebHost|Request finished in 218.3071ms 404 text/plain
